#
# There is insufficient memory for the Java Runtime Environment to continue.
# Native memory allocation (malloc) failed to allocate 321456 bytes for Chunk::new
# Possible reasons:
#   The system is out of physical RAM or swap space
#   The process is running with CompressedOops enabled, and the Java Heap may be blocking the growth of the native heap
# Possible solutions:
#   Reduce memory load on the system
#   Increase physical memory or swap space
#   Check if swap backing store is full
#   Decrease Java heap size (-Xmx/-Xms)
#   Decrease number of Java threads
#   Decrease Java thread stack sizes (-Xss)
#   Set larger code cache with -XX:ReservedCodeCacheSize=
#   JVM is running with Zero Based Compressed Oops mode in which the Java heap is
#     placed in the first 32GB address space. The Java Heap base address is the
#     maximum limit for the native heap growth. Please use -XX:HeapBaseMinAddress
#     to set the Java Heap base and to place the Java Heap above 32GB virtual address.
# This output file may be truncated or incomplete.
#
#  Out of Memory Error (arena.cpp:191), pid=13984, tid=11148
#
# JRE version: OpenJDK Runtime Environment (17.0.10) (build 17.0.10+0--11609105)
# Java VM: OpenJDK 64-Bit Server VM (17.0.10+0--11609105, mixed mode, tiered, compressed oops, compressed class ptrs, g1 gc, windows-amd64)
# No core dump will be written. Minidumps are not enabled by default on client versions of Windows
#

---------------  S U M M A R Y ------------

Command Line: -Dorg.gradle.appname=gradlew org.gradle.wrapper.GradleWrapperMain -q -Ptarget-platform=android-x86 -Ptarget=C:\Users\busez\netflix_clone\lib\main.dart -Pbase-application-name=android.app.Application -Pdart-defines=RkxVVFRFUl9XRUJfQ0FOVkFTS0lUX1VSTD1odHRwczovL3d3dy5nc3RhdGljLmNvbS9mbHV0dGVyLWNhbnZhc2tpdC8yMzVkYjkxMWJhMjc5NzIyZjVlNjg1ZjM4YjBlZDMwZmE3ZTg1NzBhLw== -Pdart-obfuscation=false -Ptrack-widget-creation=true -Ptree-shake-icons=false -Pfilesystem-scheme=org-dartlang-root assembleDebug

Host: AMD Ryzen 5 4600H with Radeon Graphics         , 12 cores, 15G,  Windows 11 , 64 bit Build 22621 (10.0.22621.3672)
Time: Mon Jul 29 15:04:28 2024 Türkiye Standart Saati elapsed time: 0.397935 seconds (0d 0h 0m 0s)

---------------  T H R E A D  ---------------

Current thread (0x00000201e419afb0):  JavaThread "C2 CompilerThread1" daemon [_thread_in_native, id=11148, stack(0x0000005483500000,0x0000005483600000)]


Current CompileTask:
C2:    397  603       4       java.util.HashMap::putVal (300 bytes)

Stack: [0x0000005483500000,0x0000005483600000]
Native frames: (J=compiled Java code, j=interpreted, Vv=VM code, C=native code)
V  [jvm.dll+0x688de9]
V  [jvm.dll+0x8423da]
V  [jvm.dll+0x84401e]
V  [jvm.dll+0x844683]
V  [jvm.dll+0x24be0f]
V  [jvm.dll+0xac524]
V  [jvm.dll+0xacb6c]
V  [jvm.dll+0x36bd12]
V  [jvm.dll+0x33615a]
V  [jvm.dll+0x3355fa]
V  [jvm.dll+0x21daa1]
V  [jvm.dll+0x21cec1]
V  [jvm.dll+0x1a60ad]
V  [jvm.dll+0x22cd78]
V  [jvm.dll+0x22aeb0]
V  [jvm.dll+0x7f6877]
V  [jvm.dll+0x7f0c7a]
V  [jvm.dll+0x687c65]
C  [ucrtbase.dll+0x29333]
C  [KERNEL32.DLL+0x1257d]
C  [ntdll.dll+0x5af28]


---------------  P R O C E S S  ---------------

Threads class SMR info:
_java_thread_list=0x00000201e4175000, length=13, elements={
0x00000201c1170c70, 0x00000201dfbeb460, 0x00000201dfc42710, 0x00000201dfc74e90,
0x00000201dfc75850, 0x00000201dfc76210, 0x00000201dfc78be0, 0x00000201dfc79980,
0x00000201dfc7a430, 0x00000201dfcb4530, 0x00000201dfe07aa0, 0x00000201dfe1d520,
0x00000201e419afb0
}

Java Threads: ( => current thread )
  0x00000201c1170c70 JavaThread "main" [_thread_in_native, id=12388, stack(0x0000005482200000,0x0000005482300000)]
  0x00000201dfbeb460 JavaThread "Reference Handler" daemon [_thread_blocked, id=5560, stack(0x0000005482900000,0x0000005482a00000)]
  0x00000201dfc42710 JavaThread "Finalizer" daemon [_thread_blocked, id=5356, stack(0x0000005482a00000,0x0000005482b00000)]
  0x00000201dfc74e90 JavaThread "Signal Dispatcher" daemon [_thread_blocked, id=16500, stack(0x0000005482b00000,0x0000005482c00000)]
  0x00000201dfc75850 JavaThread "Attach Listener" daemon [_thread_blocked, id=18144, stack(0x0000005482c00000,0x0000005482d00000)]
  0x00000201dfc76210 JavaThread "Service Thread" daemon [_thread_blocked, id=6364, stack(0x0000005482d00000,0x0000005482e00000)]
  0x00000201dfc78be0 JavaThread "Monitor Deflation Thread" daemon [_thread_blocked, id=15848, stack(0x0000005482e00000,0x0000005482f00000)]
  0x00000201dfc79980 JavaThread "C2 CompilerThread0" daemon [_thread_in_native, id=1948, stack(0x0000005482f00000,0x0000005483000000)]
  0x00000201dfc7a430 JavaThread "C1 CompilerThread0" daemon [_thread_blocked, id=8320, stack(0x0000005483000000,0x0000005483100000)]
  0x00000201dfcb4530 JavaThread "Sweeper thread" daemon [_thread_blocked, id=14088, stack(0x0000005483100000,0x0000005483200000)]
  0x00000201dfe07aa0 JavaThread "Notification Thread" daemon [_thread_blocked, id=17980, stack(0x0000005483200000,0x0000005483300000)]
  0x00000201dfe1d520 JavaThread "Common-Cleaner" daemon [_thread_blocked, id=7508, stack(0x0000005483400000,0x0000005483500000)]
=>0x00000201e419afb0 JavaThread "C2 CompilerThread1" daemon [_thread_in_native, id=11148, stack(0x0000005483500000,0x0000005483600000)]

Other Threads:
  0x00000201dfabebb0 VMThread "VM Thread" [stack: 0x0000005482800000,0x0000005482900000] [id=3364]
  0x00000201dfe10390 WatcherThread [stack: 0x0000005483300000,0x0000005483400000] [id=17496]
  0x00000201c11dc690 GCTaskThread "GC Thread#0" [stack: 0x0000005482300000,0x0000005482400000] [id=14996]
  0x00000201c11edb70 ConcurrentGCThread "G1 Main Marker" [stack: 0x0000005482400000,0x0000005482500000] [id=14520]
  0x00000201c11ee490 ConcurrentGCThread "G1 Conc#0" [stack: 0x0000005482500000,0x0000005482600000] [id=328]
  0x00000201df972640 ConcurrentGCThread "G1 Refine#0" [stack: 0x0000005482600000,0x0000005482700000] [id=8904]
  0x00000201df974f80 ConcurrentGCThread "G1 Service" [stack: 0x0000005482700000,0x0000005482800000] [id=13296]

Threads with active compile tasks:
C2 CompilerThread0      416  630       4       java.lang.StringBuilder::append (8 bytes)
C2 CompilerThread1      416  603       4       java.util.HashMap::putVal (300 bytes)

VM state: not at safepoint (normal execution)

VM Mutex/Monitor currently owned by a thread: None

Heap address: 0x0000000709800000, size: 3944 MB, Compressed Oops mode: Zero based, Oop shift amount: 3

CDS archive(s) not mapped
Compressed class space mapped at: 0x0000000800000000-0x0000000840000000, reserved size: 1073741824
Narrow klass base: 0x0000000800000000, Narrow klass shift: 0, Narrow klass range: 0x40000000

GC Precious Log:
 CPUs: 12 total, 12 available
 Memory: 15771M
 Large Page Support: Disabled
 NUMA Support: Disabled
 Compressed Oops: Enabled (Zero based)
 Heap Region Size: 2M
 Heap Min Capacity: 8M
 Heap Initial Capacity: 248M
 Heap Max Capacity: 3944M
 Pre-touch: Disabled
 Parallel Workers: 10
 Concurrent Workers: 3
 Concurrent Refinement Workers: 10
 Periodic GC: Disabled

Heap:
 garbage-first heap   total 253952K, used 16384K [0x0000000709800000, 0x0000000800000000)
  region size 2048K, 8 young (16384K), 0 survivors (0K)
 Metaspace       used 8804K, committed 8960K, reserved 1114112K
  class space    used 789K, committed 896K, reserved 1048576K

Heap Regions: E=young(eden), S=young(survivor), O=old, HS=humongous(starts), HC=humongous(continues), CS=collection set, F=free, OA=open archive, CA=closed archive, TAMS=top-at-mark-start (previous, next)
|   0|0x0000000709800000, 0x0000000709a00000, 0x0000000709a00000|100%|HS|  |TAMS 0x0000000709800000, 0x0000000709800000| Complete 
|   1|0x0000000709a00000, 0x0000000709c00000, 0x0000000709c00000|100%|HC|  |TAMS 0x0000000709a00000, 0x0000000709a00000| Complete 
|   2|0x0000000709c00000, 0x0000000709c00000, 0x0000000709e00000|  0%| F|  |TAMS 0x0000000709c00000, 0x0000000709c00000| Untracked 
|   3|0x0000000709e00000, 0x0000000709e00000, 0x000000070a000000|  0%| F|  |TAMS 0x0000000709e00000, 0x0000000709e00000| Untracked 
|   4|0x000000070a000000, 0x000000070a000000, 0x000000070a200000|  0%| F|  |TAMS 0x000000070a000000, 0x000000070a000000| Untracked 
|   5|0x000000070a200000, 0x000000070a200000, 0x000000070a400000|  0%| F|  |TAMS 0x000000070a200000, 0x000000070a200000| Untracked 
|   6|0x000000070a400000, 0x000000070a400000, 0x000000070a600000|  0%| F|  |TAMS 0x000000070a400000, 0x000000070a400000| Untracked 
|   7|0x000000070a600000, 0x000000070a600000, 0x000000070a800000|  0%| F|  |TAMS 0x000000070a600000, 0x000000070a600000| Untracked 
|   8|0x000000070a800000, 0x000000070a800000, 0x000000070aa00000|  0%| F|  |TAMS 0x000000070a800000, 0x000000070a800000| Untracked 
|   9|0x000000070aa00000, 0x000000070aa00000, 0x000000070ac00000|  0%| F|  |TAMS 0x000000070aa00000, 0x000000070aa00000| Untracked 
|  10|0x000000070ac00000, 0x000000070ac00000, 0x000000070ae00000|  0%| F|  |TAMS 0x000000070ac00000, 0x000000070ac00000| Untracked 
|  11|0x000000070ae00000, 0x000000070ae00000, 0x000000070b000000|  0%| F|  |TAMS 0x000000070ae00000, 0x000000070ae00000| Untracked 
|  12|0x000000070b000000, 0x000000070b000000, 0x000000070b200000|  0%| F|  |TAMS 0x000000070b000000, 0x000000070b000000| Untracked 
|  13|0x000000070b200000, 0x000000070b200000, 0x000000070b400000|  0%| F|  |TAMS 0x000000070b200000, 0x000000070b200000| Untracked 
|  14|0x000000070b400000, 0x000000070b400000, 0x000000070b600000|  0%| F|  |TAMS 0x000000070b400000, 0x000000070b400000| Untracked 
|  15|0x000000070b600000, 0x000000070b600000, 0x000000070b800000|  0%| F|  |TAMS 0x000000070b600000, 0x000000070b600000| Untracked 
|  16|0x000000070b800000, 0x000000070b800000, 0x000000070ba00000|  0%| F|  |TAMS 0x000000070b800000, 0x000000070b800000| Untracked 
|  17|0x000000070ba00000, 0x000000070ba00000, 0x000000070bc00000|  0%| F|  |TAMS 0x000000070ba00000, 0x000000070ba00000| Untracked 
|  18|0x000000070bc00000, 0x000000070bc00000, 0x000000070be00000|  0%| F|  |TAMS 0x000000070bc00000, 0x000000070bc00000| Untracked 
|  19|0x000000070be00000, 0x000000070be00000, 0x000000070c000000|  0%| F|  |TAMS 0x000000070be00000, 0x000000070be00000| Untracked 
|  20|0x000000070c000000, 0x000000070c000000, 0x000000070c200000|  0%| F|  |TAMS 0x000000070c000000, 0x000000070c000000| Untracked 
|  21|0x000000070c200000, 0x000000070c200000, 0x000000070c400000|  0%| F|  |TAMS 0x000000070c200000, 0x000000070c200000| Untracked 
|  22|0x000000070c400000, 0x000000070c400000, 0x000000070c600000|  0%| F|  |TAMS 0x000000070c400000, 0x000000070c400000| Untracked 
|  23|0x000000070c600000, 0x000000070c600000, 0x000000070c800000|  0%| F|  |TAMS 0x000000070c600000, 0x000000070c600000| Untracked 
|  24|0x000000070c800000, 0x000000070c800000, 0x000000070ca00000|  0%| F|  |TAMS 0x000000070c800000, 0x000000070c800000| Untracked 
|  25|0x000000070ca00000, 0x000000070ca00000, 0x000000070cc00000|  0%| F|  |TAMS 0x000000070ca00000, 0x000000070ca00000| Untracked 
|  26|0x000000070cc00000, 0x000000070cc00000, 0x000000070ce00000|  0%| F|  |TAMS 0x000000070cc00000, 0x000000070cc00000| Untracked 
|  27|0x000000070ce00000, 0x000000070ce00000, 0x000000070d000000|  0%| F|  |TAMS 0x000000070ce00000, 0x000000070ce00000| Untracked 
|  28|0x000000070d000000, 0x000000070d000000, 0x000000070d200000|  0%| F|  |TAMS 0x000000070d000000, 0x000000070d000000| Untracked 
|  29|0x000000070d200000, 0x000000070d200000, 0x000000070d400000|  0%| F|  |TAMS 0x000000070d200000, 0x000000070d200000| Untracked 
|  30|0x000000070d400000, 0x000000070d400000, 0x000000070d600000|  0%| F|  |TAMS 0x000000070d400000, 0x000000070d400000| Untracked 
|  31|0x000000070d600000, 0x000000070d600000, 0x000000070d800000|  0%| F|  |TAMS 0x000000070d600000, 0x000000070d600000| Untracked 
|  32|0x000000070d800000, 0x000000070d800000, 0x000000070da00000|  0%| F|  |TAMS 0x000000070d800000, 0x000000070d800000| Untracked 
|  33|0x000000070da00000, 0x000000070da00000, 0x000000070dc00000|  0%| F|  |TAMS 0x000000070da00000, 0x000000070da00000| Untracked 
|  34|0x000000070dc00000, 0x000000070dc00000, 0x000000070de00000|  0%| F|  |TAMS 0x000000070dc00000, 0x000000070dc00000| Untracked 
|  35|0x000000070de00000, 0x000000070de00000, 0x000000070e000000|  0%| F|  |TAMS 0x000000070de00000, 0x000000070de00000| Untracked 
|  36|0x000000070e000000, 0x000000070e000000, 0x000000070e200000|  0%| F|  |TAMS 0x000000070e000000, 0x000000070e000000| Untracked 
|  37|0x000000070e200000, 0x000000070e200000, 0x000000070e400000|  0%| F|  |TAMS 0x000000070e200000, 0x000000070e200000| Untracked 
|  38|0x000000070e400000, 0x000000070e400000, 0x000000070e600000|  0%| F|  |TAMS 0x000000070e400000, 0x000000070e400000| Untracked 
|  39|0x000000070e600000, 0x000000070e600000, 0x000000070e800000|  0%| F|  |TAMS 0x000000070e600000, 0x000000070e600000| Untracked 
|  40|0x000000070e800000, 0x000000070e800000, 0x000000070ea00000|  0%| F|  |TAMS 0x000000070e800000, 0x000000070e800000| Untracked 
|  41|0x000000070ea00000, 0x000000070ea00000, 0x000000070ec00000|  0%| F|  |TAMS 0x000000070ea00000, 0x000000070ea00000| Untracked 
|  42|0x000000070ec00000, 0x000000070ec00000, 0x000000070ee00000|  0%| F|  |TAMS 0x000000070ec00000, 0x000000070ec00000| Untracked 
|  43|0x000000070ee00000, 0x000000070ee00000, 0x000000070f000000|  0%| F|  |TAMS 0x000000070ee00000, 0x000000070ee00000| Untracked 
|  44|0x000000070f000000, 0x000000070f000000, 0x000000070f200000|  0%| F|  |TAMS 0x000000070f000000, 0x000000070f000000| Untracked 
|  45|0x000000070f200000, 0x000000070f200000, 0x000000070f400000|  0%| F|  |TAMS 0x000000070f200000, 0x000000070f200000| Untracked 
|  46|0x000000070f400000, 0x000000070f400000, 0x000000070f600000|  0%| F|  |TAMS 0x000000070f400000, 0x000000070f400000| Untracked 
|  47|0x000000070f600000, 0x000000070f600000, 0x000000070f800000|  0%| F|  |TAMS 0x000000070f600000, 0x000000070f600000| Untracked 
|  48|0x000000070f800000, 0x000000070f800000, 0x000000070fa00000|  0%| F|  |TAMS 0x000000070f800000, 0x000000070f800000| Untracked 
|  49|0x000000070fa00000, 0x000000070fa00000, 0x000000070fc00000|  0%| F|  |TAMS 0x000000070fa00000, 0x000000070fa00000| Untracked 
|  50|0x000000070fc00000, 0x000000070fc00000, 0x000000070fe00000|  0%| F|  |TAMS 0x000000070fc00000, 0x000000070fc00000| Untracked 
|  51|0x000000070fe00000, 0x000000070fe00000, 0x0000000710000000|  0%| F|  |TAMS 0x000000070fe00000, 0x000000070fe00000| Untracked 
|  52|0x0000000710000000, 0x0000000710000000, 0x0000000710200000|  0%| F|  |TAMS 0x0000000710000000, 0x0000000710000000| Untracked 
|  53|0x0000000710200000, 0x0000000710200000, 0x0000000710400000|  0%| F|  |TAMS 0x0000000710200000, 0x0000000710200000| Untracked 
|  54|0x0000000710400000, 0x0000000710400000, 0x0000000710600000|  0%| F|  |TAMS 0x0000000710400000, 0x0000000710400000| Untracked 
|  55|0x0000000710600000, 0x0000000710600000, 0x0000000710800000|  0%| F|  |TAMS 0x0000000710600000, 0x0000000710600000| Untracked 
|  56|0x0000000710800000, 0x0000000710800000, 0x0000000710a00000|  0%| F|  |TAMS 0x0000000710800000, 0x0000000710800000| Untracked 
|  57|0x0000000710a00000, 0x0000000710a00000, 0x0000000710c00000|  0%| F|  |TAMS 0x0000000710a00000, 0x0000000710a00000| Untracked 
|  58|0x0000000710c00000, 0x0000000710c00000, 0x0000000710e00000|  0%| F|  |TAMS 0x0000000710c00000, 0x0000000710c00000| Untracked 
|  59|0x0000000710e00000, 0x0000000710e00000, 0x0000000711000000|  0%| F|  |TAMS 0x0000000710e00000, 0x0000000710e00000| Untracked 
|  60|0x0000000711000000, 0x0000000711000000, 0x0000000711200000|  0%| F|  |TAMS 0x0000000711000000, 0x0000000711000000| Untracked 
|  61|0x0000000711200000, 0x0000000711200000, 0x0000000711400000|  0%| F|  |TAMS 0x0000000711200000, 0x0000000711200000| Untracked 
|  62|0x0000000711400000, 0x0000000711400000, 0x0000000711600000|  0%| F|  |TAMS 0x0000000711400000, 0x0000000711400000| Untracked 
|  63|0x0000000711600000, 0x0000000711600000, 0x0000000711800000|  0%| F|  |TAMS 0x0000000711600000, 0x0000000711600000| Untracked 
|  64|0x0000000711800000, 0x0000000711800000, 0x0000000711a00000|  0%| F|  |TAMS 0x0000000711800000, 0x0000000711800000| Untracked 
|  65|0x0000000711a00000, 0x0000000711a00000, 0x0000000711c00000|  0%| F|  |TAMS 0x0000000711a00000, 0x0000000711a00000| Untracked 
|  66|0x0000000711c00000, 0x0000000711c00000, 0x0000000711e00000|  0%| F|  |TAMS 0x0000000711c00000, 0x0000000711c00000| Untracked 
|  67|0x0000000711e00000, 0x0000000711e00000, 0x0000000712000000|  0%| F|  |TAMS 0x0000000711e00000, 0x0000000711e00000| Untracked 
|  68|0x0000000712000000, 0x0000000712000000, 0x0000000712200000|  0%| F|  |TAMS 0x0000000712000000, 0x0000000712000000| Untracked 
|  69|0x0000000712200000, 0x0000000712200000, 0x0000000712400000|  0%| F|  |TAMS 0x0000000712200000, 0x0000000712200000| Untracked 
|  70|0x0000000712400000, 0x0000000712400000, 0x0000000712600000|  0%| F|  |TAMS 0x0000000712400000, 0x0000000712400000| Untracked 
|  71|0x0000000712600000, 0x0000000712600000, 0x0000000712800000|  0%| F|  |TAMS 0x0000000712600000, 0x0000000712600000| Untracked 
|  72|0x0000000712800000, 0x0000000712800000, 0x0000000712a00000|  0%| F|  |TAMS 0x0000000712800000, 0x0000000712800000| Untracked 
|  73|0x0000000712a00000, 0x0000000712a00000, 0x0000000712c00000|  0%| F|  |TAMS 0x0000000712a00000, 0x0000000712a00000| Untracked 
|  74|0x0000000712c00000, 0x0000000712c00000, 0x0000000712e00000|  0%| F|  |TAMS 0x0000000712c00000, 0x0000000712c00000| Untracked 
|  75|0x0000000712e00000, 0x0000000712e00000, 0x0000000713000000|  0%| F|  |TAMS 0x0000000712e00000, 0x0000000712e00000| Untracked 
|  76|0x0000000713000000, 0x0000000713000000, 0x0000000713200000|  0%| F|  |TAMS 0x0000000713000000, 0x0000000713000000| Untracked 
|  77|0x0000000713200000, 0x0000000713200000, 0x0000000713400000|  0%| F|  |TAMS 0x0000000713200000, 0x0000000713200000| Untracked 
|  78|0x0000000713400000, 0x0000000713400000, 0x0000000713600000|  0%| F|  |TAMS 0x0000000713400000, 0x0000000713400000| Untracked 
|  79|0x0000000713600000, 0x0000000713600000, 0x0000000713800000|  0%| F|  |TAMS 0x0000000713600000, 0x0000000713600000| Untracked 
|  80|0x0000000713800000, 0x0000000713800000, 0x0000000713a00000|  0%| F|  |TAMS 0x0000000713800000, 0x0000000713800000| Untracked 
|  81|0x0000000713a00000, 0x0000000713a00000, 0x0000000713c00000|  0%| F|  |TAMS 0x0000000713a00000, 0x0000000713a00000| Untracked 
|  82|0x0000000713c00000, 0x0000000713c00000, 0x0000000713e00000|  0%| F|  |TAMS 0x0000000713c00000, 0x0000000713c00000| Untracked 
|  83|0x0000000713e00000, 0x0000000713e00000, 0x0000000714000000|  0%| F|  |TAMS 0x0000000713e00000, 0x0000000713e00000| Untracked 
|  84|0x0000000714000000, 0x0000000714000000, 0x0000000714200000|  0%| F|  |TAMS 0x0000000714000000, 0x0000000714000000| Untracked 
|  85|0x0000000714200000, 0x0000000714200000, 0x0000000714400000|  0%| F|  |TAMS 0x0000000714200000, 0x0000000714200000| Untracked 
|  86|0x0000000714400000, 0x0000000714400000, 0x0000000714600000|  0%| F|  |TAMS 0x0000000714400000, 0x0000000714400000| Untracked 
|  87|0x0000000714600000, 0x0000000714600000, 0x0000000714800000|  0%| F|  |TAMS 0x0000000714600000, 0x0000000714600000| Untracked 
|  88|0x0000000714800000, 0x0000000714800000, 0x0000000714a00000|  0%| F|  |TAMS 0x0000000714800000, 0x0000000714800000| Untracked 
|  89|0x0000000714a00000, 0x0000000714a00000, 0x0000000714c00000|  0%| F|  |TAMS 0x0000000714a00000, 0x0000000714a00000| Untracked 
|  90|0x0000000714c00000, 0x0000000714c00000, 0x0000000714e00000|  0%| F|  |TAMS 0x0000000714c00000, 0x0000000714c00000| Untracked 
|  91|0x0000000714e00000, 0x0000000714e00000, 0x0000000715000000|  0%| F|  |TAMS 0x0000000714e00000, 0x0000000714e00000| Untracked 
|  92|0x0000000715000000, 0x0000000715000000, 0x0000000715200000|  0%| F|  |TAMS 0x0000000715000000, 0x0000000715000000| Untracked 
|  93|0x0000000715200000, 0x0000000715200000, 0x0000000715400000|  0%| F|  |TAMS 0x0000000715200000, 0x0000000715200000| Untracked 
|  94|0x0000000715400000, 0x0000000715400000, 0x0000000715600000|  0%| F|  |TAMS 0x0000000715400000, 0x0000000715400000| Untracked 
|  95|0x0000000715600000, 0x0000000715600000, 0x0000000715800000|  0%| F|  |TAMS 0x0000000715600000, 0x0000000715600000| Untracked 
|  96|0x0000000715800000, 0x0000000715800000, 0x0000000715a00000|  0%| F|  |TAMS 0x0000000715800000, 0x0000000715800000| Untracked 
|  97|0x0000000715a00000, 0x0000000715a00000, 0x0000000715c00000|  0%| F|  |TAMS 0x0000000715a00000, 0x0000000715a00000| Untracked 
|  98|0x0000000715c00000, 0x0000000715c00000, 0x0000000715e00000|  0%| F|  |TAMS 0x0000000715c00000, 0x0000000715c00000| Untracked 
|  99|0x0000000715e00000, 0x0000000715e00000, 0x0000000716000000|  0%| F|  |TAMS 0x0000000715e00000, 0x0000000715e00000| Untracked 
| 100|0x0000000716000000, 0x0000000716000000, 0x0000000716200000|  0%| F|  |TAMS 0x0000000716000000, 0x0000000716000000| Untracked 
| 101|0x0000000716200000, 0x0000000716200000, 0x0000000716400000|  0%| F|  |TAMS 0x0000000716200000, 0x0000000716200000| Untracked 
| 102|0x0000000716400000, 0x0000000716400000, 0x0000000716600000|  0%| F|  |TAMS 0x0000000716400000, 0x0000000716400000| Untracked 
| 103|0x0000000716600000, 0x0000000716600000, 0x0000000716800000|  0%| F|  |TAMS 0x0000000716600000, 0x0000000716600000| Untracked 
| 104|0x0000000716800000, 0x0000000716800000, 0x0000000716a00000|  0%| F|  |TAMS 0x0000000716800000, 0x0000000716800000| Untracked 
| 105|0x0000000716a00000, 0x0000000716a00000, 0x0000000716c00000|  0%| F|  |TAMS 0x0000000716a00000, 0x0000000716a00000| Untracked 
| 106|0x0000000716c00000, 0x0000000716c00000, 0x0000000716e00000|  0%| F|  |TAMS 0x0000000716c00000, 0x0000000716c00000| Untracked 
| 107|0x0000000716e00000, 0x0000000716e00000, 0x0000000717000000|  0%| F|  |TAMS 0x0000000716e00000, 0x0000000716e00000| Untracked 
| 108|0x0000000717000000, 0x0000000717000000, 0x0000000717200000|  0%| F|  |TAMS 0x0000000717000000, 0x0000000717000000| Untracked 
| 109|0x0000000717200000, 0x0000000717200000, 0x0000000717400000|  0%| F|  |TAMS 0x0000000717200000, 0x0000000717200000| Untracked 
| 110|0x0000000717400000, 0x0000000717400000, 0x0000000717600000|  0%| F|  |TAMS 0x0000000717400000, 0x0000000717400000| Untracked 
| 111|0x0000000717600000, 0x0000000717600000, 0x0000000717800000|  0%| F|  |TAMS 0x0000000717600000, 0x0000000717600000| Untracked 
| 112|0x0000000717800000, 0x0000000717800000, 0x0000000717a00000|  0%| F|  |TAMS 0x0000000717800000, 0x0000000717800000| Untracked 
| 113|0x0000000717a00000, 0x0000000717a00000, 0x0000000717c00000|  0%| F|  |TAMS 0x0000000717a00000, 0x0000000717a00000| Untracked 
| 114|0x0000000717c00000, 0x0000000717c00000, 0x0000000717e00000|  0%| F|  |TAMS 0x0000000717c00000, 0x0000000717c00000| Untracked 
| 115|0x0000000717e00000, 0x0000000717e4b370, 0x0000000718000000| 14%| E|  |TAMS 0x0000000717e00000, 0x0000000717e00000| Complete 
| 116|0x0000000718000000, 0x00000007181d4ef8, 0x0000000718200000| 91%| E|  |TAMS 0x0000000718000000, 0x0000000718000000| Complete 
| 117|0x0000000718200000, 0x0000000718400000, 0x0000000718400000|100%| E|CS|TAMS 0x0000000718200000, 0x0000000718200000| Complete 
| 118|0x0000000718400000, 0x0000000718600000, 0x0000000718600000|100%| E|CS|TAMS 0x0000000718400000, 0x0000000718400000| Complete 
| 119|0x0000000718600000, 0x0000000718800000, 0x0000000718800000|100%| E|CS|TAMS 0x0000000718600000, 0x0000000718600000| Complete 
| 120|0x0000000718800000, 0x0000000718a00000, 0x0000000718a00000|100%| E|CS|TAMS 0x0000000718800000, 0x0000000718800000| Complete 
| 121|0x0000000718a00000, 0x0000000718c00000, 0x0000000718c00000|100%| E|CS|TAMS 0x0000000718a00000, 0x0000000718a00000| Complete 
| 122|0x0000000718c00000, 0x0000000718e00000, 0x0000000718e00000|100%| E|CS|TAMS 0x0000000718c00000, 0x0000000718c00000| Complete 
| 123|0x0000000718e00000, 0x0000000719000000, 0x0000000719000000|100%| E|CS|TAMS 0x0000000718e00000, 0x0000000718e00000| Complete 

Card table byte_map: [0x00000201d4350000,0x00000201d4b10000] _byte_map_base: 0x00000201d0b04000

Marking Bits (Prev, Next): (CMBitMap*) 0x00000201c11ddbc0, (CMBitMap*) 0x00000201c11ddc00
 Prev Bits: [0x00000201d52d0000, 0x00000201d9070000)
 Next Bits: [0x00000201d9070000, 0x00000201dce10000)

Polling page: 0x00000201bf0e0000

Metaspace:

Usage:
  Non-class:      7.83 MB used.
      Class:    789.97 KB used.
       Both:      8.60 MB used.

Virtual space:
  Non-class space:       64.00 MB reserved,       7.88 MB ( 12%) committed,  1 nodes.
      Class space:        1.00 GB reserved,     896.00 KB ( <1%) committed,  1 nodes.
             Both:        1.06 GB reserved,       8.75 MB ( <1%) committed. 

Chunk freelists:
   Non-Class:  8.06 MB
       Class:  15.16 MB
        Both:  23.22 MB

MaxMetaspaceSize: unlimited
CompressedClassSpaceSize: 1.00 GB
Initial GC threshold: 21.00 MB
Current GC threshold: 21.00 MB
CDS: off
MetaspaceReclaimPolicy: balanced
 - commit_granule_bytes: 65536.
 - commit_granule_words: 8192.
 - virtual_space_node_default_size: 8388608.
 - enlarge_chunks_in_place: 1.
 - new_chunks_are_fully_committed: 0.
 - uncommit_free_chunks: 1.
 - use_allocation_guard: 0.
 - handle_deallocations: 1.


Internal statistics:

num_allocs_failed_limit: 0.
num_arena_births: 14.
num_arena_deaths: 0.
num_vsnodes_births: 2.
num_vsnodes_deaths: 0.
num_space_committed: 140.
num_space_uncommitted: 0.
num_chunks_returned_to_freelist: 0.
num_chunks_taken_from_freelist: 64.
num_chunk_merges: 0.
num_chunk_splits: 32.
num_chunks_enlarged: 28.
num_inconsistent_stats: 0.

CodeHeap 'non-profiled nmethods': size=120000Kb used=206Kb max_used=206Kb free=119793Kb
 bounds [0x00000201cc110000, 0x00000201cc380000, 0x00000201d3640000]
CodeHeap 'profiled nmethods': size=120000Kb used=1047Kb max_used=1047Kb free=118952Kb
 bounds [0x00000201c4640000, 0x00000201c48b0000, 0x00000201cbb70000]
CodeHeap 'non-nmethods': size=5760Kb used=1125Kb max_used=1154Kb free=4634Kb
 bounds [0x00000201cbb70000, 0x00000201cbde0000, 0x00000201cc110000]
 total_blobs=1042 nmethods=634 adapters=321
 compilation: enabled
              stopped_count=0, restarted_count=0
 full_count=0

Compilation events (20 events):
Event: 0.391 Thread 0x00000201dfc7a430 nmethod 611 0x00000201cc142910 code [0x00000201cc142aa0, 0x00000201cc142b78]
Event: 0.391 Thread 0x00000201dfc7a430  612       3       sun.nio.fs.NativeBuffers::getNativeBufferFromCache (51 bytes)
Event: 0.392 Thread 0x00000201dfc7a430 nmethod 612 0x00000201c4735d10 code [0x00000201c4735f00, 0x00000201c4736568]
Event: 0.392 Thread 0x00000201dfc7a430  614       3       jdk.internal.misc.Unsafe::getInt (7 bytes)
Event: 0.392 Thread 0x00000201dfc79980  615       4       java.lang.StringLatin1::replace (198 bytes)
Event: 0.392 Thread 0x00000201dfc7a430 nmethod 614 0x00000201c4736790 code [0x00000201c4736920, 0x00000201c4736a38]
Event: 0.392 Thread 0x00000201dfc7a430  613       3       jdk.internal.misc.Unsafe::checkPrimitivePointer (19 bytes)
Event: 0.392 Thread 0x00000201dfc7a430 nmethod 613 0x00000201c4736b10 code [0x00000201c4736d20, 0x00000201c4737348]
Event: 0.392 Thread 0x00000201dfc7a430  616       1       sun.nio.fs.NativeBuffer::owner (5 bytes)
Event: 0.392 Thread 0x00000201dfc7a430 nmethod 616 0x00000201cc142c10 code [0x00000201cc142da0, 0x00000201cc142e78]
Event: 0.394 Thread 0x00000201dfc7a430  617       3       java.util.zip.ZipCoder$UTF8ZipCoder::toString (12 bytes)
Event: 0.394 Thread 0x00000201dfc7a430 nmethod 617 0x00000201c4737590 code [0x00000201c4737740, 0x00000201c47378e8]
Event: 0.394 Thread 0x00000201dfc7a430  618       3       java.util.concurrent.TimeUnit::toMillis (69 bytes)
Event: 0.394 Thread 0x00000201dfc7a430 nmethod 618 0x00000201c4737a10 code [0x00000201c4737bc0, 0x00000201c4737ed8]
Event: 0.394 Thread 0x00000201dfc7a430  619       3       java.nio.ByteBuffer::position (8 bytes)
Event: 0.394 Thread 0x00000201dfc7a430 nmethod 619 0x00000201c4737f90 code [0x00000201c4738120, 0x00000201c4738268]
Event: 0.395 Thread 0x00000201dfc7a430  620       3       java.util.ImmutableCollections$List12::get (35 bytes)
Event: 0.395 Thread 0x00000201dfc7a430 nmethod 620 0x00000201c4738310 code [0x00000201c47384c0, 0x00000201c4738788]
Event: 0.395 Thread 0x00000201dfc7a430  621       3       java.util.HashMap::containsKey (14 bytes)
Event: 0.396 Thread 0x00000201dfc7a430 nmethod 621 0x00000201c4738890 code [0x00000201c4738a40, 0x00000201c4738be8]

GC Heap History (0 events):
No events

Dll operation events (2 events):
Event: 0.005 Loaded shared library C:\Program Files\Android\Android Studio\jbr\bin\java.dll
Event: 0.085 Loaded shared library C:\Program Files\Android\Android Studio\jbr\bin\verify.dll

Deoptimization events (20 events):
Event: 0.347 Thread 0x00000201c1170c70 DEOPT PACKING pc=0x00000201cc12fb14 sp=0x00000054822f8a90
Event: 0.347 Thread 0x00000201c1170c70 DEOPT UNPACKING pc=0x00000201cbbc69a3 sp=0x00000054822f8a38 mode 2
Event: 0.353 Thread 0x00000201c1170c70 Uncommon trap: trap_request=0xffffffde fr.pc=0x00000201cc13709c relative=0x0000000000000f1c
Event: 0.353 Thread 0x00000201c1170c70 Uncommon trap: reason=class_check action=maybe_recompile pc=0x00000201cc13709c method=java.util.HashMap.putVal(ILjava/lang/Object;Ljava/lang/Object;ZZ)Ljava/lang/Object; @ 203 c2
Event: 0.353 Thread 0x00000201c1170c70 DEOPT PACKING pc=0x00000201cc13709c sp=0x00000054822f9350
Event: 0.353 Thread 0x00000201c1170c70 DEOPT UNPACKING pc=0x00000201cbbc69a3 sp=0x00000054822f92e0 mode 2
Event: 0.361 Thread 0x00000201c1170c70 Uncommon trap: trap_request=0xffffffde fr.pc=0x00000201cc13709c relative=0x0000000000000f1c
Event: 0.361 Thread 0x00000201c1170c70 Uncommon trap: reason=class_check action=maybe_recompile pc=0x00000201cc13709c method=java.util.HashMap.putVal(ILjava/lang/Object;Ljava/lang/Object;ZZ)Ljava/lang/Object; @ 203 c2
Event: 0.361 Thread 0x00000201c1170c70 DEOPT PACKING pc=0x00000201cc13709c sp=0x00000054822f9350
Event: 0.361 Thread 0x00000201c1170c70 DEOPT UNPACKING pc=0x00000201cbbc69a3 sp=0x00000054822f92e0 mode 2
Event: 0.361 Thread 0x00000201c1170c70 Uncommon trap: trap_request=0xffffffde fr.pc=0x00000201cc13702c relative=0x0000000000000eac
Event: 0.361 Thread 0x00000201c1170c70 Uncommon trap: reason=class_check action=maybe_recompile pc=0x00000201cc13702c method=java.util.HashMap.putVal(ILjava/lang/Object;Ljava/lang/Object;ZZ)Ljava/lang/Object; @ 91 c2
Event: 0.361 Thread 0x00000201c1170c70 DEOPT PACKING pc=0x00000201cc13702c sp=0x00000054822f9350
Event: 0.361 Thread 0x00000201c1170c70 DEOPT UNPACKING pc=0x00000201cbbc69a3 sp=0x00000054822f92e0 mode 2
Event: 0.386 Thread 0x00000201c1170c70 Uncommon trap: trap_request=0xffffffde fr.pc=0x00000201cc13709c relative=0x0000000000000f1c
Event: 0.386 Thread 0x00000201c1170c70 Uncommon trap: reason=class_check action=maybe_recompile pc=0x00000201cc13709c method=java.util.HashMap.putVal(ILjava/lang/Object;Ljava/lang/Object;ZZ)Ljava/lang/Object; @ 203 c2
Event: 0.386 Thread 0x00000201c1170c70 DEOPT PACKING pc=0x00000201cc13709c sp=0x00000054822fb8b0
Event: 0.386 Thread 0x00000201c1170c70 DEOPT UNPACKING pc=0x00000201cbbc69a3 sp=0x00000054822fb840 mode 2
Event: 0.392 Thread 0x00000201c1170c70 DEOPT PACKING pc=0x00000201c46775d0 sp=0x00000054822fb2d0
Event: 0.392 Thread 0x00000201c1170c70 DEOPT UNPACKING pc=0x00000201cbbc7143 sp=0x00000054822fa790 mode 0

Classes unloaded (0 events):
No events

Classes redefined (0 events):
No events

Internal exceptions (1 events):
Event: 0.181 Thread 0x00000201c1170c70 Exception <a 'java/lang/NoSuchMethodError'{0x0000000718d84c40}: 'int java.lang.invoke.DirectMethodHandle$Holder.invokeStaticInit(java.lang.Object, java.lang.Object)'> (0x0000000718d84c40) 
thrown [s\src\hotspot\share\interpreter\linkResolver.cpp, line 771]

VM Operations (2 events):
Event: 0.082 Executing VM operation: HandshakeAllThreads
Event: 0.082 Executing VM operation: HandshakeAllThreads done

Events (20 events):
Event: 0.379 loading class java/util/concurrent/locks/AbstractQueuedSynchronizer$ConditionObject
Event: 0.379 loading class java/util/concurrent/locks/Condition
Event: 0.379 loading class java/util/concurrent/locks/Condition done
Event: 0.379 loading class java/util/concurrent/locks/AbstractQueuedSynchronizer$ConditionObject done
Event: 0.379 loading class java/util/concurrent/LinkedBlockingQueue$Node
Event: 0.379 loading class java/util/concurrent/LinkedBlockingQueue$Node done
Event: 0.380 loading class java/lang/SecurityException
Event: 0.380 loading class java/lang/SecurityException done
Event: 0.380 loading class java/util/Collections$EmptyEnumeration
Event: 0.380 loading class java/util/Collections$EmptyEnumeration done
Event: 0.380 loading class jdk/internal/loader/BuiltinClassLoader$1
Event: 0.380 loading class jdk/internal/loader/BuiltinClassLoader$1 done
Event: 0.381 loading class java/lang/CompoundEnumeration
Event: 0.381 loading class java/lang/CompoundEnumeration done
Event: 0.381 loading class jdk/internal/loader/URLClassPath$1
Event: 0.381 loading class jdk/internal/loader/URLClassPath$1 done
Event: 0.381 loading class java/net/URLClassLoader$3
Event: 0.381 loading class java/net/URLClassLoader$3 done
Event: 0.381 loading class java/net/URLClassLoader$3$1
Event: 0.381 loading class java/net/URLClassLoader$3$1 done


Dynamic libraries:
0x00007ff6cecd0000 - 0x00007ff6cecda000 	C:\Program Files\Android\Android Studio\jbr\bin\java.exe
0x00007ffa7a310000 - 0x00007ffa7a527000 	C:\WINDOWS\SYSTEM32\ntdll.dll
0x00007ffa784d0000 - 0x00007ffa78594000 	C:\WINDOWS\System32\KERNEL32.DLL
0x00007ffa77700000 - 0x00007ffa77aad000 	C:\WINDOWS\System32\KERNELBASE.dll
0x00007ffa77f30000 - 0x00007ffa78041000 	C:\WINDOWS\System32\ucrtbase.dll
0x00007ffa3d980000 - 0x00007ffa3d99b000 	C:\Program Files\Android\Android Studio\jbr\bin\VCRUNTIME140.dll
0x00007ffa3e5e0000 - 0x00007ffa3e5f7000 	C:\Program Files\Android\Android Studio\jbr\bin\jli.dll
0x00007ffa79160000 - 0x00007ffa7930e000 	C:\WINDOWS\System32\USER32.dll
0x00007ffa77c20000 - 0x00007ffa77c46000 	C:\WINDOWS\System32\win32u.dll
0x00007ffa65db0000 - 0x00007ffa66043000 	C:\WINDOWS\WinSxS\amd64_microsoft.windows.common-controls_6595b64144ccf1df_6.0.22621.3672_none_2713b9d173822955\COMCTL32.dll
0x00007ffa784a0000 - 0x00007ffa784c9000 	C:\WINDOWS\System32\GDI32.dll
0x00007ffa782b0000 - 0x00007ffa78357000 	C:\WINDOWS\System32\msvcrt.dll
0x00007ffa77de0000 - 0x00007ffa77ef9000 	C:\WINDOWS\System32\gdi32full.dll
0x00007ffa77d40000 - 0x00007ffa77dda000 	C:\WINDOWS\System32\msvcp_win.dll
0x00007ffa798b0000 - 0x00007ffa798e1000 	C:\WINDOWS\System32\IMM32.DLL
0x00007ffa62920000 - 0x00007ffa6292c000 	C:\Program Files\Android\Android Studio\jbr\bin\vcruntime140_1.dll
0x00007ffa21df0000 - 0x00007ffa21e7d000 	C:\Program Files\Android\Android Studio\jbr\bin\msvcp140.dll
0x00007ffa08260000 - 0x00007ffa08ee3000 	C:\Program Files\Android\Android Studio\jbr\bin\server\jvm.dll
0x00007ffa78650000 - 0x00007ffa78702000 	C:\WINDOWS\System32\ADVAPI32.dll
0x00007ffa785a0000 - 0x00007ffa78649000 	C:\WINDOWS\System32\sechost.dll
0x00007ffa77f00000 - 0x00007ffa77f28000 	C:\WINDOWS\System32\bcrypt.dll
0x00007ffa7a1b0000 - 0x00007ffa7a2c4000 	C:\WINDOWS\System32\RPCRT4.dll
0x00007ffa77350000 - 0x00007ffa7739d000 	C:\WINDOWS\SYSTEM32\POWRPROF.dll
0x00007ffa72340000 - 0x00007ffa72374000 	C:\WINDOWS\SYSTEM32\WINMM.dll
0x00007ffa53510000 - 0x00007ffa53519000 	C:\WINDOWS\SYSTEM32\WSOCK32.dll
0x00007ffa78360000 - 0x00007ffa783d1000 	C:\WINDOWS\System32\WS2_32.dll
0x00007ffa6e4b0000 - 0x00007ffa6e4ba000 	C:\WINDOWS\SYSTEM32\VERSION.dll
0x00007ffa77330000 - 0x00007ffa77343000 	C:\WINDOWS\SYSTEM32\UMPDC.dll
0x00007ffa76610000 - 0x00007ffa76628000 	C:\WINDOWS\SYSTEM32\kernel.appcore.dll
0x00007ffa4fb10000 - 0x00007ffa4fb1a000 	C:\Program Files\Android\Android Studio\jbr\bin\jimage.dll
0x00007ffa6b1e0000 - 0x00007ffa6b412000 	C:\WINDOWS\SYSTEM32\DBGHELP.DLL
0x00007ffa78dd0000 - 0x00007ffa79158000 	C:\WINDOWS\System32\combase.dll
0x00007ffa781d0000 - 0x00007ffa782a7000 	C:\WINDOWS\System32\OLEAUT32.dll
0x00007ffa6b1a0000 - 0x00007ffa6b1d2000 	C:\WINDOWS\SYSTEM32\dbgcore.DLL
0x00007ffa77cc0000 - 0x00007ffa77d3b000 	C:\WINDOWS\System32\bcryptPrimitives.dll
0x00007ffa34220000 - 0x00007ffa34245000 	C:\Program Files\Android\Android Studio\jbr\bin\java.dll
0x00007ffa3acb0000 - 0x00007ffa3acc8000 	C:\Program Files\Android\Android Studio\jbr\bin\zip.dll
0x00007ffa798f0000 - 0x00007ffa7a14f000 	C:\WINDOWS\System32\SHELL32.dll
0x00007ffa75590000 - 0x00007ffa75e8c000 	C:\WINDOWS\SYSTEM32\windows.storage.dll
0x00007ffa75450000 - 0x00007ffa7558f000 	C:\WINDOWS\SYSTEM32\wintypes.dll
0x00007ffa79310000 - 0x00007ffa79404000 	C:\WINDOWS\System32\SHCORE.dll
0x00007ffa78790000 - 0x00007ffa787ee000 	C:\WINDOWS\System32\shlwapi.dll
0x00007ffa77570000 - 0x00007ffa77591000 	C:\WINDOWS\SYSTEM32\profapi.dll
0x00007ffa3a510000 - 0x00007ffa3a529000 	C:\Program Files\Android\Android Studio\jbr\bin\net.dll
0x00007ffa73030000 - 0x00007ffa73166000 	C:\WINDOWS\SYSTEM32\WINHTTP.dll
0x00007ffa76ae0000 - 0x00007ffa76b49000 	C:\WINDOWS\system32\mswsock.dll
0x00007ffa357a0000 - 0x00007ffa357b6000 	C:\Program Files\Android\Android Studio\jbr\bin\nio.dll
0x00007ffa4e350000 - 0x00007ffa4e360000 	C:\Program Files\Android\Android Studio\jbr\bin\verify.dll

dbghelp: loaded successfully - version: 4.0.5 - missing functions: none
symbol engine: initialized successfully - sym options: 0x614 - pdb path: .;C:\Program Files\Android\Android Studio\jbr\bin;C:\WINDOWS\SYSTEM32;C:\WINDOWS\WinSxS\amd64_microsoft.windows.common-controls_6595b64144ccf1df_6.0.22621.3672_none_2713b9d173822955;C:\Program Files\Android\Android Studio\jbr\bin\server

VM Arguments:
jvm_args: -Dorg.gradle.appname=gradlew 
java_command: org.gradle.wrapper.GradleWrapperMain -q -Ptarget-platform=android-x86 -Ptarget=C:\Users\busez\netflix_clone\lib\main.dart -Pbase-application-name=android.app.Application -Pdart-defines=RkxVVFRFUl9XRUJfQ0FOVkFTS0lUX1VSTD1odHRwczovL3d3dy5nc3RhdGljLmNvbS9mbHV0dGVyLWNhbnZhc2tpdC8yMzVkYjkxMWJhMjc5NzIyZjVlNjg1ZjM4YjBlZDMwZmE3ZTg1NzBhLw== -Pdart-obfuscation=false -Ptrack-widget-creation=true -Ptree-shake-icons=false -Pfilesystem-scheme=org-dartlang-root assembleDebug
java_class_path (initial): C:\Users\busez\netflix_clone\android\\gradle\wrapper\gradle-wrapper.jar
Launcher Type: SUN_STANDARD

[Global flags]
     intx CICompilerCount                          = 4                                         {product} {ergonomic}
     uint ConcGCThreads                            = 3                                         {product} {ergonomic}
     uint G1ConcRefinementThreads                  = 10                                        {product} {ergonomic}
   size_t G1HeapRegionSize                         = 2097152                                   {product} {ergonomic}
    uintx GCDrainStackTargetSize                   = 64                                        {product} {ergonomic}
   size_t InitialHeapSize                          = 260046848                                 {product} {ergonomic}
   size_t MarkStackSize                            = 4194304                                   {product} {ergonomic}
   size_t MaxHeapSize                              = 4135583744                                {product} {ergonomic}
   size_t MaxNewSize                               = 2480930816                                {product} {ergonomic}
   size_t MinHeapDeltaBytes                        = 2097152                                   {product} {ergonomic}
   size_t MinHeapSize                              = 8388608                                   {product} {ergonomic}
    uintx NonNMethodCodeHeapSize                   = 5839372                                {pd product} {ergonomic}
    uintx NonProfiledCodeHeapSize                  = 122909434                              {pd product} {ergonomic}
    uintx ProfiledCodeHeapSize                     = 122909434                              {pd product} {ergonomic}
    uintx ReservedCodeCacheSize                    = 251658240                              {pd product} {ergonomic}
     bool SegmentedCodeCache                       = true                                      {product} {ergonomic}
   size_t SoftMaxHeapSize                          = 4135583744                             {manageable} {ergonomic}
     bool UseCompressedClassPointers               = true                           {product lp64_product} {ergonomic}
     bool UseCompressedOops                        = true                           {product lp64_product} {ergonomic}
     bool UseG1GC                                  = true                                      {product} {ergonomic}
     bool UseLargePagesIndividualAllocation        = false                                  {pd product} {ergonomic}

Logging:
Log output configuration:
 #0: stdout all=warning uptime,level,tags
 #1: stderr all=off uptime,level,tags

Environment Variables:
JAVA_HOME=C:\Program Files\Android\Android Studio\jbr
CLASSPATH=C:\Users\busez\netflix_clone\android\\gradle\wrapper\gradle-wrapper.jar
PATH=C:\Program Files\Android\Android Studio\jbr\bin;C:\Users\busez\AppData\Local\Programs\Python\Python312\Scripts\;C:\Users\busez\AppData\Local\Programs\Python\Python312\;C:\Program Files\NVIDIA GPU Computing Toolkit\CUDA\v12.4\bin;C:\Program Files\NVIDIA GPU Computing Toolkit\CUDA\v12.4\libnvvp;C:\Program Files\Common Files\Oracle\Java\javapath;C:\WINDOWS\system32;C:\WINDOWS;C:\WINDOWS\System32\Wbem;C:\WINDOWS\System32\WindowsPowerShell\v1.0\;C:\WINDOWS\System32\OpenSSH\;C:\WINDOWS\system32;C:\WINDOWS;C:\WINDOWS\System32\Wbem;C:\WINDOWS\System32\WindowsPowerShell\v1.0\;C:\WINDOWS\System32\OpenSSH\;C:\Program Files\dotnet\;C:\Program Files\NVIDIA Corporation\Nsight Compute 2024.1.1\;C:\Program Files (x86)\NVIDIA Corporation\PhysX\Common;C:\Program Files (x86)\Microsoft SQL Server\160\Tools\Binn\;C:\Program Files\Microsoft SQL Server\160\Tools\Binn\;C:\Program Files\Microsoft SQL Server\Client SDK\ODBC\170\Tools\Binn\;C:\Program Files\Microsoft SQL Server\160\DTS\Binn\;C:\Program Files\Microsoft SQL Server\150\Tools\Binn\;C:\Program Files\Microsoft SQL Server\110\Tools\Binn\;C:\Program Files (x86)\Microsoft SQL Server\110\Tools\Binn\;C:\Program Files\Microsoft SQL Server\110\DTS\Binn\;C:\Program Files (x86)\Microsoft SQL Server\110\Tools\Binn\ManagementStudio\;C:\Program Files (x86)\Microsoft SQL Server\110\DTS\Binn\;C:\Program Files\Git\cmd;C:\Program Files\nodejs\;C:\ProgramData\chocolatey\bin;C:\Users\busez\AppData\Local\Pub\Cache\bin;C:\Program Files\NVIDIA GPU Computing Toolkit\CUDA\v12.4\bin;C:\Program Files\NVIDIA GPU Computing Toolkit\CUDA\v12.4\libnvvp;C:\Program Files\Common Files\Oracle\Java\javapath;C:\WINDOWS\system32;C:\WINDOWS;C:\WINDOWS\System32\Wbem;C:\WINDOWS\System32\WindowsPowerShell\v1.0\;C:\WINDOWS\System32\OpenSSH\;C:\WINDOWS\system32;C:\WINDOWS;C:\WINDOWS\System32\Wbem;C:\WINDOWS\System32\WindowsPowerShell\v1.0\;C:\WINDOWS\System32\OpenSSH\;C:\Program Files\Git\cmd;C:\Program Files\dotnet\;C:\Program Files\NVIDIA Corporation\Nsight Compute 2024
USERNAME=busez
OS=Windows_NT
PROCESSOR_IDENTIFIER=AMD64 Family 23 Model 96 Stepping 1, AuthenticAMD
TMP=C:\Users\busez\AppData\Local\Temp
TEMP=C:\Users\busez\AppData\Local\Temp



Periodic native trim disabled

JNI global refs:
JNI global refs: 9, weak refs: 0

JNI global refs memory usage: 843, weak refs: 841

OOME stack traces (most recent first):
Classloader memory used:
Loader bootstrap                                                                       : 1036K
Loader java.net.URLClassLoader                                                         : 26124B
Loader org.gradle.internal.classloader.VisitableURLClassLoader                         : 20696B
Loader jdk.internal.loader.ClassLoaders$AppClassLoader                                 : 18431B

Classes loaded by more than one classloader:
Class org.gradle.internal.service.UnknownServiceException                             : loaded 2 times (x 81B)
Class org.gradle.internal.service.ServiceLookupException                              : loaded 2 times (x 80B)
Class org.gradle.api.Action                                                           : loaded 2 times (x 68B)


---------------  S Y S T E M  ---------------

OS:
 Windows 11 , 64 bit Build 22621 (10.0.22621.3672)
OS uptime: 4 days 2:57 hours

CPU: total 12 (initial active 12) (12 cores per cpu, 2 threads per core) family 23 model 96 stepping 1 microcode 0x0, cx8, cmov, fxsr, ht, mmx, 3dnowpref, sse, sse2, sse3, ssse3, sse4a, sse4.1, sse4.2, popcnt, lzcnt, tsc, tscinvbit, avx, avx2, aes, clmul, bmi1, bmi2, adx, sha, fma, vzeroupper, clflush, clflushopt
Processor Information for all 12 processors :
  Max Mhz: 3000, Current Mhz: 3000, Mhz Limit: 3000

Memory: 4k page, system-wide physical 15771M (2170M free)
TotalPageFile size 18638M (AvailPageFile size 5M)
current process WorkingSet (physical memory assigned to process): 64M, peak: 64M
current process commit charge ("private bytes"): 345M, peak: 346M

vm_info: OpenJDK 64-Bit Server VM (17.0.10+0--11609105) for windows-amd64 JRE (17.0.10+0--11609105), built on Mar 21 2024 19:10:56 by "androidbuild" with MS VC++ 16.10 / 16.11 (VS2019)

END.
