#
# There is insufficient memory for the Java Runtime Environment to continue.
# Native memory allocation (malloc) failed to allocate 159136 bytes for Chunk::new
# Possible reasons:
#   The system is out of physical RAM or swap space
#   The process is running with CompressedOops enabled, and the Java Heap may be blocking the growth of the native heap
# Possible solutions:
#   Reduce memory load on the system
#   Increase physical memory or swap space
#   Check if swap backing store is full
#   Decrease Java heap size (-Xmx/-Xms)
#   Decrease number of Java threads
#   Decrease Java thread stack sizes (-Xss)
#   Set larger code cache with -XX:ReservedCodeCacheSize=
#   JVM is running with Zero Based Compressed Oops mode in which the Java heap is
#     placed in the first 32GB address space. The Java Heap base address is the
#     maximum limit for the native heap growth. Please use -XX:HeapBaseMinAddress
#     to set the Java Heap base and to place the Java Heap above 32GB virtual address.
# This output file may be truncated or incomplete.
#
#  Out of Memory Error (arena.cpp:191), pid=16296, tid=6616
#
# JRE version: OpenJDK Runtime Environment (17.0.10) (build 17.0.10+0--11609105)
# Java VM: OpenJDK 64-Bit Server VM (17.0.10+0--11609105, mixed mode, tiered, compressed oops, compressed class ptrs, g1 gc, windows-amd64)
# No core dump will be written. Minidumps are not enabled by default on client versions of Windows
#

---------------  S U M M A R Y ------------

Command Line: -Dorg.gradle.appname=gradlew org.gradle.wrapper.GradleWrapperMain -q -Ptarget-platform=android-x86 -Ptarget=C:\Users\busez\netflix_clone\lib\main.dart -Pbase-application-name=android.app.Application -Pdart-defines=RkxVVFRFUl9XRUJfQ0FOVkFTS0lUX1VSTD1odHRwczovL3d3dy5nc3RhdGljLmNvbS9mbHV0dGVyLWNhbnZhc2tpdC8yMzVkYjkxMWJhMjc5NzIyZjVlNjg1ZjM4YjBlZDMwZmE3ZTg1NzBhLw== -Pdart-obfuscation=false -Ptrack-widget-creation=true -Ptree-shake-icons=false -Pfilesystem-scheme=org-dartlang-root assembleDebug

Host: AMD Ryzen 5 4600H with Radeon Graphics         , 12 cores, 15G,  Windows 11 , 64 bit Build 22621 (10.0.22621.3672)
Time: Tue Jul 30 15:07:40 2024 Türkiye Standart Saati elapsed time: 0.530232 seconds (0d 0h 0m 0s)

---------------  T H R E A D  ---------------

Current thread (0x000001709b4d0490):  JavaThread "C2 CompilerThread2" daemon [_thread_in_native, id=6616, stack(0x000000260d900000,0x000000260da00000)]


Current CompileTask:
C2:    530  744   !   4       java.util.zip.ZipFile::getEntry (59 bytes)

Stack: [0x000000260d900000,0x000000260da00000]
Native frames: (J=compiled Java code, j=interpreted, Vv=VM code, C=native code)
V  [jvm.dll+0x688de9]
V  [jvm.dll+0x8423da]
V  [jvm.dll+0x84401e]
V  [jvm.dll+0x844683]
V  [jvm.dll+0x24be0f]
V  [jvm.dll+0xac524]
V  [jvm.dll+0xacb6c]
V  [jvm.dll+0x2b342f]
V  [jvm.dll+0x5902b7]
V  [jvm.dll+0x226452]
V  [jvm.dll+0x21f17d]
V  [jvm.dll+0x21cdb1]
V  [jvm.dll+0x1a60ad]
V  [jvm.dll+0x22cd78]
V  [jvm.dll+0x22aeb0]
V  [jvm.dll+0x7f6877]
V  [jvm.dll+0x7f0c7a]
V  [jvm.dll+0x687c65]
C  [ucrtbase.dll+0x29333]
C  [KERNEL32.DLL+0x1257d]
C  [ntdll.dll+0x5af28]


---------------  P R O C E S S  ---------------

Threads class SMR info:
_java_thread_list=0x000001709b4d3240, length=14, elements={
0x00000170f83019a0, 0x0000017096d3afd0, 0x0000017096d3bb60, 0x000001709b094bf0,
0x000001709b095780, 0x000001709b0991d0, 0x000001709b099aa0, 0x000001709b09a6a0,
0x000001709b0b8cf0, 0x000001709b0b9600, 0x000001709b233c20, 0x000001709b247d10,
0x000001709b4c1f00, 0x000001709b4d0490
}

Java Threads: ( => current thread )
  0x00000170f83019a0 JavaThread "main" [_thread_in_vm, id=8496, stack(0x000000260c500000,0x000000260c600000)]
  0x0000017096d3afd0 JavaThread "Reference Handler" daemon [_thread_blocked, id=9336, stack(0x000000260cc00000,0x000000260cd00000)]
  0x0000017096d3bb60 JavaThread "Finalizer" daemon [_thread_blocked, id=18024, stack(0x000000260cd00000,0x000000260ce00000)]
  0x000001709b094bf0 JavaThread "Signal Dispatcher" daemon [_thread_blocked, id=3740, stack(0x000000260ce00000,0x000000260cf00000)]
  0x000001709b095780 JavaThread "Attach Listener" daemon [_thread_blocked, id=3428, stack(0x000000260cf00000,0x000000260d000000)]
  0x000001709b0991d0 JavaThread "Service Thread" daemon [_thread_blocked, id=1764, stack(0x000000260d000000,0x000000260d100000)]
  0x000001709b099aa0 JavaThread "Monitor Deflation Thread" daemon [_thread_blocked, id=10996, stack(0x000000260d100000,0x000000260d200000)]
  0x000001709b09a6a0 JavaThread "C2 CompilerThread0" daemon [_thread_in_native, id=8884, stack(0x000000260d200000,0x000000260d300000)]
  0x000001709b0b8cf0 JavaThread "C1 CompilerThread0" daemon [_thread_blocked, id=18780, stack(0x000000260d300000,0x000000260d400000)]
  0x000001709b0b9600 JavaThread "Sweeper thread" daemon [_thread_blocked, id=16576, stack(0x000000260d400000,0x000000260d500000)]
  0x000001709b233c20 JavaThread "Notification Thread" daemon [_thread_blocked, id=14904, stack(0x000000260d500000,0x000000260d600000)]
  0x000001709b247d10 JavaThread "Common-Cleaner" daemon [_thread_blocked, id=17560, stack(0x000000260d700000,0x000000260d800000)]
  0x000001709b4c1f00 JavaThread "C2 CompilerThread1" daemon [_thread_in_native, id=9976, stack(0x000000260d800000,0x000000260d900000)]
=>0x000001709b4d0490 JavaThread "C2 CompilerThread2" daemon [_thread_in_native, id=6616, stack(0x000000260d900000,0x000000260da00000)]

Other Threads:
  0x000001709b00b820 VMThread "VM Thread" [stack: 0x000000260cb00000,0x000000260cc00000] [id=1980]
  0x000001709b234100 WatcherThread [stack: 0x000000260d600000,0x000000260d700000] [id=12364]
  0x00000170f836b480 GCTaskThread "GC Thread#0" [stack: 0x000000260c600000,0x000000260c700000] [id=18992]
  0x00000170f837d870 ConcurrentGCThread "G1 Main Marker" [stack: 0x000000260c700000,0x000000260c800000] [id=20392]
  0x00000170f837f0b0 ConcurrentGCThread "G1 Conc#0" [stack: 0x000000260c800000,0x000000260c900000] [id=15356]
  0x0000017096bed9a0 ConcurrentGCThread "G1 Refine#0" [stack: 0x000000260c900000,0x000000260ca00000] [id=18588]
  0x0000017096bee1e0 ConcurrentGCThread "G1 Service" [stack: 0x000000260ca00000,0x000000260cb00000] [id=1332]

Threads with active compile tasks:
C2 CompilerThread0      545  742   !   4       java.util.jar.JarFile::checkForSpecialAttributes (163 bytes)
C2 CompilerThread1      545  758       4       java.io.WinNTFileSystem::normalize (143 bytes)
C2 CompilerThread2      545  744   !   4       java.util.zip.ZipFile::getEntry (59 bytes)

VM state: not at safepoint (normal execution)

VM Mutex/Monitor currently owned by a thread:  ([mutex/lock_event])
[0x00000170f82fc1b0] Metaspace_lock - owner thread: 0x00000170f83019a0

Heap address: 0x0000000709800000, size: 3944 MB, Compressed Oops mode: Zero based, Oop shift amount: 3

CDS archive(s) not mapped
Compressed class space mapped at: 0x0000000800000000-0x0000000840000000, reserved size: 1073741824
Narrow klass base: 0x0000000800000000, Narrow klass shift: 0, Narrow klass range: 0x40000000

GC Precious Log:
 CPUs: 12 total, 12 available
 Memory: 15771M
 Large Page Support: Disabled
 NUMA Support: Disabled
 Compressed Oops: Enabled (Zero based)
 Heap Region Size: 2M
 Heap Min Capacity: 8M
 Heap Initial Capacity: 248M
 Heap Max Capacity: 3944M
 Pre-touch: Disabled
 Parallel Workers: 10
 Concurrent Workers: 3
 Concurrent Refinement Workers: 10
 Periodic GC: Disabled

Heap:
 garbage-first heap   total 253952K, used 20480K [0x0000000709800000, 0x0000000800000000)
  region size 2048K, 10 young (20480K), 0 survivors (0K)
 Metaspace       used 10332K, committed 10432K, reserved 1114112K
  class space    used 1015K, committed 1088K, reserved 1048576K

Heap Regions: E=young(eden), S=young(survivor), O=old, HS=humongous(starts), HC=humongous(continues), CS=collection set, F=free, OA=open archive, CA=closed archive, TAMS=top-at-mark-start (previous, next)
|   0|0x0000000709800000, 0x0000000709a00000, 0x0000000709a00000|100%|HS|  |TAMS 0x0000000709800000, 0x0000000709800000| Complete 
|   1|0x0000000709a00000, 0x0000000709c00000, 0x0000000709c00000|100%|HC|  |TAMS 0x0000000709a00000, 0x0000000709a00000| Complete 
|   2|0x0000000709c00000, 0x0000000709c00000, 0x0000000709e00000|  0%| F|  |TAMS 0x0000000709c00000, 0x0000000709c00000| Untracked 
|   3|0x0000000709e00000, 0x0000000709e00000, 0x000000070a000000|  0%| F|  |TAMS 0x0000000709e00000, 0x0000000709e00000| Untracked 
|   4|0x000000070a000000, 0x000000070a000000, 0x000000070a200000|  0%| F|  |TAMS 0x000000070a000000, 0x000000070a000000| Untracked 
|   5|0x000000070a200000, 0x000000070a200000, 0x000000070a400000|  0%| F|  |TAMS 0x000000070a200000, 0x000000070a200000| Untracked 
|   6|0x000000070a400000, 0x000000070a400000, 0x000000070a600000|  0%| F|  |TAMS 0x000000070a400000, 0x000000070a400000| Untracked 
|   7|0x000000070a600000, 0x000000070a600000, 0x000000070a800000|  0%| F|  |TAMS 0x000000070a600000, 0x000000070a600000| Untracked 
|   8|0x000000070a800000, 0x000000070a800000, 0x000000070aa00000|  0%| F|  |TAMS 0x000000070a800000, 0x000000070a800000| Untracked 
|   9|0x000000070aa00000, 0x000000070aa00000, 0x000000070ac00000|  0%| F|  |TAMS 0x000000070aa00000, 0x000000070aa00000| Untracked 
|  10|0x000000070ac00000, 0x000000070ac00000, 0x000000070ae00000|  0%| F|  |TAMS 0x000000070ac00000, 0x000000070ac00000| Untracked 
|  11|0x000000070ae00000, 0x000000070ae00000, 0x000000070b000000|  0%| F|  |TAMS 0x000000070ae00000, 0x000000070ae00000| Untracked 
|  12|0x000000070b000000, 0x000000070b000000, 0x000000070b200000|  0%| F|  |TAMS 0x000000070b000000, 0x000000070b000000| Untracked 
|  13|0x000000070b200000, 0x000000070b200000, 0x000000070b400000|  0%| F|  |TAMS 0x000000070b200000, 0x000000070b200000| Untracked 
|  14|0x000000070b400000, 0x000000070b400000, 0x000000070b600000|  0%| F|  |TAMS 0x000000070b400000, 0x000000070b400000| Untracked 
|  15|0x000000070b600000, 0x000000070b600000, 0x000000070b800000|  0%| F|  |TAMS 0x000000070b600000, 0x000000070b600000| Untracked 
|  16|0x000000070b800000, 0x000000070b800000, 0x000000070ba00000|  0%| F|  |TAMS 0x000000070b800000, 0x000000070b800000| Untracked 
|  17|0x000000070ba00000, 0x000000070ba00000, 0x000000070bc00000|  0%| F|  |TAMS 0x000000070ba00000, 0x000000070ba00000| Untracked 
|  18|0x000000070bc00000, 0x000000070bc00000, 0x000000070be00000|  0%| F|  |TAMS 0x000000070bc00000, 0x000000070bc00000| Untracked 
|  19|0x000000070be00000, 0x000000070be00000, 0x000000070c000000|  0%| F|  |TAMS 0x000000070be00000, 0x000000070be00000| Untracked 
|  20|0x000000070c000000, 0x000000070c000000, 0x000000070c200000|  0%| F|  |TAMS 0x000000070c000000, 0x000000070c000000| Untracked 
|  21|0x000000070c200000, 0x000000070c200000, 0x000000070c400000|  0%| F|  |TAMS 0x000000070c200000, 0x000000070c200000| Untracked 
|  22|0x000000070c400000, 0x000000070c400000, 0x000000070c600000|  0%| F|  |TAMS 0x000000070c400000, 0x000000070c400000| Untracked 
|  23|0x000000070c600000, 0x000000070c600000, 0x000000070c800000|  0%| F|  |TAMS 0x000000070c600000, 0x000000070c600000| Untracked 
|  24|0x000000070c800000, 0x000000070c800000, 0x000000070ca00000|  0%| F|  |TAMS 0x000000070c800000, 0x000000070c800000| Untracked 
|  25|0x000000070ca00000, 0x000000070ca00000, 0x000000070cc00000|  0%| F|  |TAMS 0x000000070ca00000, 0x000000070ca00000| Untracked 
|  26|0x000000070cc00000, 0x000000070cc00000, 0x000000070ce00000|  0%| F|  |TAMS 0x000000070cc00000, 0x000000070cc00000| Untracked 
|  27|0x000000070ce00000, 0x000000070ce00000, 0x000000070d000000|  0%| F|  |TAMS 0x000000070ce00000, 0x000000070ce00000| Untracked 
|  28|0x000000070d000000, 0x000000070d000000, 0x000000070d200000|  0%| F|  |TAMS 0x000000070d000000, 0x000000070d000000| Untracked 
|  29|0x000000070d200000, 0x000000070d200000, 0x000000070d400000|  0%| F|  |TAMS 0x000000070d200000, 0x000000070d200000| Untracked 
|  30|0x000000070d400000, 0x000000070d400000, 0x000000070d600000|  0%| F|  |TAMS 0x000000070d400000, 0x000000070d400000| Untracked 
|  31|0x000000070d600000, 0x000000070d600000, 0x000000070d800000|  0%| F|  |TAMS 0x000000070d600000, 0x000000070d600000| Untracked 
|  32|0x000000070d800000, 0x000000070d800000, 0x000000070da00000|  0%| F|  |TAMS 0x000000070d800000, 0x000000070d800000| Untracked 
|  33|0x000000070da00000, 0x000000070da00000, 0x000000070dc00000|  0%| F|  |TAMS 0x000000070da00000, 0x000000070da00000| Untracked 
|  34|0x000000070dc00000, 0x000000070dc00000, 0x000000070de00000|  0%| F|  |TAMS 0x000000070dc00000, 0x000000070dc00000| Untracked 
|  35|0x000000070de00000, 0x000000070de00000, 0x000000070e000000|  0%| F|  |TAMS 0x000000070de00000, 0x000000070de00000| Untracked 
|  36|0x000000070e000000, 0x000000070e000000, 0x000000070e200000|  0%| F|  |TAMS 0x000000070e000000, 0x000000070e000000| Untracked 
|  37|0x000000070e200000, 0x000000070e200000, 0x000000070e400000|  0%| F|  |TAMS 0x000000070e200000, 0x000000070e200000| Untracked 
|  38|0x000000070e400000, 0x000000070e400000, 0x000000070e600000|  0%| F|  |TAMS 0x000000070e400000, 0x000000070e400000| Untracked 
|  39|0x000000070e600000, 0x000000070e600000, 0x000000070e800000|  0%| F|  |TAMS 0x000000070e600000, 0x000000070e600000| Untracked 
|  40|0x000000070e800000, 0x000000070e800000, 0x000000070ea00000|  0%| F|  |TAMS 0x000000070e800000, 0x000000070e800000| Untracked 
|  41|0x000000070ea00000, 0x000000070ea00000, 0x000000070ec00000|  0%| F|  |TAMS 0x000000070ea00000, 0x000000070ea00000| Untracked 
|  42|0x000000070ec00000, 0x000000070ec00000, 0x000000070ee00000|  0%| F|  |TAMS 0x000000070ec00000, 0x000000070ec00000| Untracked 
|  43|0x000000070ee00000, 0x000000070ee00000, 0x000000070f000000|  0%| F|  |TAMS 0x000000070ee00000, 0x000000070ee00000| Untracked 
|  44|0x000000070f000000, 0x000000070f000000, 0x000000070f200000|  0%| F|  |TAMS 0x000000070f000000, 0x000000070f000000| Untracked 
|  45|0x000000070f200000, 0x000000070f200000, 0x000000070f400000|  0%| F|  |TAMS 0x000000070f200000, 0x000000070f200000| Untracked 
|  46|0x000000070f400000, 0x000000070f400000, 0x000000070f600000|  0%| F|  |TAMS 0x000000070f400000, 0x000000070f400000| Untracked 
|  47|0x000000070f600000, 0x000000070f600000, 0x000000070f800000|  0%| F|  |TAMS 0x000000070f600000, 0x000000070f600000| Untracked 
|  48|0x000000070f800000, 0x000000070f800000, 0x000000070fa00000|  0%| F|  |TAMS 0x000000070f800000, 0x000000070f800000| Untracked 
|  49|0x000000070fa00000, 0x000000070fa00000, 0x000000070fc00000|  0%| F|  |TAMS 0x000000070fa00000, 0x000000070fa00000| Untracked 
|  50|0x000000070fc00000, 0x000000070fc00000, 0x000000070fe00000|  0%| F|  |TAMS 0x000000070fc00000, 0x000000070fc00000| Untracked 
|  51|0x000000070fe00000, 0x000000070fe00000, 0x0000000710000000|  0%| F|  |TAMS 0x000000070fe00000, 0x000000070fe00000| Untracked 
|  52|0x0000000710000000, 0x0000000710000000, 0x0000000710200000|  0%| F|  |TAMS 0x0000000710000000, 0x0000000710000000| Untracked 
|  53|0x0000000710200000, 0x0000000710200000, 0x0000000710400000|  0%| F|  |TAMS 0x0000000710200000, 0x0000000710200000| Untracked 
|  54|0x0000000710400000, 0x0000000710400000, 0x0000000710600000|  0%| F|  |TAMS 0x0000000710400000, 0x0000000710400000| Untracked 
|  55|0x0000000710600000, 0x0000000710600000, 0x0000000710800000|  0%| F|  |TAMS 0x0000000710600000, 0x0000000710600000| Untracked 
|  56|0x0000000710800000, 0x0000000710800000, 0x0000000710a00000|  0%| F|  |TAMS 0x0000000710800000, 0x0000000710800000| Untracked 
|  57|0x0000000710a00000, 0x0000000710a00000, 0x0000000710c00000|  0%| F|  |TAMS 0x0000000710a00000, 0x0000000710a00000| Untracked 
|  58|0x0000000710c00000, 0x0000000710c00000, 0x0000000710e00000|  0%| F|  |TAMS 0x0000000710c00000, 0x0000000710c00000| Untracked 
|  59|0x0000000710e00000, 0x0000000710e00000, 0x0000000711000000|  0%| F|  |TAMS 0x0000000710e00000, 0x0000000710e00000| Untracked 
|  60|0x0000000711000000, 0x0000000711000000, 0x0000000711200000|  0%| F|  |TAMS 0x0000000711000000, 0x0000000711000000| Untracked 
|  61|0x0000000711200000, 0x0000000711200000, 0x0000000711400000|  0%| F|  |TAMS 0x0000000711200000, 0x0000000711200000| Untracked 
|  62|0x0000000711400000, 0x0000000711400000, 0x0000000711600000|  0%| F|  |TAMS 0x0000000711400000, 0x0000000711400000| Untracked 
|  63|0x0000000711600000, 0x0000000711600000, 0x0000000711800000|  0%| F|  |TAMS 0x0000000711600000, 0x0000000711600000| Untracked 
|  64|0x0000000711800000, 0x0000000711800000, 0x0000000711a00000|  0%| F|  |TAMS 0x0000000711800000, 0x0000000711800000| Untracked 
|  65|0x0000000711a00000, 0x0000000711a00000, 0x0000000711c00000|  0%| F|  |TAMS 0x0000000711a00000, 0x0000000711a00000| Untracked 
|  66|0x0000000711c00000, 0x0000000711c00000, 0x0000000711e00000|  0%| F|  |TAMS 0x0000000711c00000, 0x0000000711c00000| Untracked 
|  67|0x0000000711e00000, 0x0000000711e00000, 0x0000000712000000|  0%| F|  |TAMS 0x0000000711e00000, 0x0000000711e00000| Untracked 
|  68|0x0000000712000000, 0x0000000712000000, 0x0000000712200000|  0%| F|  |TAMS 0x0000000712000000, 0x0000000712000000| Untracked 
|  69|0x0000000712200000, 0x0000000712200000, 0x0000000712400000|  0%| F|  |TAMS 0x0000000712200000, 0x0000000712200000| Untracked 
|  70|0x0000000712400000, 0x0000000712400000, 0x0000000712600000|  0%| F|  |TAMS 0x0000000712400000, 0x0000000712400000| Untracked 
|  71|0x0000000712600000, 0x0000000712600000, 0x0000000712800000|  0%| F|  |TAMS 0x0000000712600000, 0x0000000712600000| Untracked 
|  72|0x0000000712800000, 0x0000000712800000, 0x0000000712a00000|  0%| F|  |TAMS 0x0000000712800000, 0x0000000712800000| Untracked 
|  73|0x0000000712a00000, 0x0000000712a00000, 0x0000000712c00000|  0%| F|  |TAMS 0x0000000712a00000, 0x0000000712a00000| Untracked 
|  74|0x0000000712c00000, 0x0000000712c00000, 0x0000000712e00000|  0%| F|  |TAMS 0x0000000712c00000, 0x0000000712c00000| Untracked 
|  75|0x0000000712e00000, 0x0000000712e00000, 0x0000000713000000|  0%| F|  |TAMS 0x0000000712e00000, 0x0000000712e00000| Untracked 
|  76|0x0000000713000000, 0x0000000713000000, 0x0000000713200000|  0%| F|  |TAMS 0x0000000713000000, 0x0000000713000000| Untracked 
|  77|0x0000000713200000, 0x0000000713200000, 0x0000000713400000|  0%| F|  |TAMS 0x0000000713200000, 0x0000000713200000| Untracked 
|  78|0x0000000713400000, 0x0000000713400000, 0x0000000713600000|  0%| F|  |TAMS 0x0000000713400000, 0x0000000713400000| Untracked 
|  79|0x0000000713600000, 0x0000000713600000, 0x0000000713800000|  0%| F|  |TAMS 0x0000000713600000, 0x0000000713600000| Untracked 
|  80|0x0000000713800000, 0x0000000713800000, 0x0000000713a00000|  0%| F|  |TAMS 0x0000000713800000, 0x0000000713800000| Untracked 
|  81|0x0000000713a00000, 0x0000000713a00000, 0x0000000713c00000|  0%| F|  |TAMS 0x0000000713a00000, 0x0000000713a00000| Untracked 
|  82|0x0000000713c00000, 0x0000000713c00000, 0x0000000713e00000|  0%| F|  |TAMS 0x0000000713c00000, 0x0000000713c00000| Untracked 
|  83|0x0000000713e00000, 0x0000000713e00000, 0x0000000714000000|  0%| F|  |TAMS 0x0000000713e00000, 0x0000000713e00000| Untracked 
|  84|0x0000000714000000, 0x0000000714000000, 0x0000000714200000|  0%| F|  |TAMS 0x0000000714000000, 0x0000000714000000| Untracked 
|  85|0x0000000714200000, 0x0000000714200000, 0x0000000714400000|  0%| F|  |TAMS 0x0000000714200000, 0x0000000714200000| Untracked 
|  86|0x0000000714400000, 0x0000000714400000, 0x0000000714600000|  0%| F|  |TAMS 0x0000000714400000, 0x0000000714400000| Untracked 
|  87|0x0000000714600000, 0x0000000714600000, 0x0000000714800000|  0%| F|  |TAMS 0x0000000714600000, 0x0000000714600000| Untracked 
|  88|0x0000000714800000, 0x0000000714800000, 0x0000000714a00000|  0%| F|  |TAMS 0x0000000714800000, 0x0000000714800000| Untracked 
|  89|0x0000000714a00000, 0x0000000714a00000, 0x0000000714c00000|  0%| F|  |TAMS 0x0000000714a00000, 0x0000000714a00000| Untracked 
|  90|0x0000000714c00000, 0x0000000714c00000, 0x0000000714e00000|  0%| F|  |TAMS 0x0000000714c00000, 0x0000000714c00000| Untracked 
|  91|0x0000000714e00000, 0x0000000714e00000, 0x0000000715000000|  0%| F|  |TAMS 0x0000000714e00000, 0x0000000714e00000| Untracked 
|  92|0x0000000715000000, 0x0000000715000000, 0x0000000715200000|  0%| F|  |TAMS 0x0000000715000000, 0x0000000715000000| Untracked 
|  93|0x0000000715200000, 0x0000000715200000, 0x0000000715400000|  0%| F|  |TAMS 0x0000000715200000, 0x0000000715200000| Untracked 
|  94|0x0000000715400000, 0x0000000715400000, 0x0000000715600000|  0%| F|  |TAMS 0x0000000715400000, 0x0000000715400000| Untracked 
|  95|0x0000000715600000, 0x0000000715600000, 0x0000000715800000|  0%| F|  |TAMS 0x0000000715600000, 0x0000000715600000| Untracked 
|  96|0x0000000715800000, 0x0000000715800000, 0x0000000715a00000|  0%| F|  |TAMS 0x0000000715800000, 0x0000000715800000| Untracked 
|  97|0x0000000715a00000, 0x0000000715a00000, 0x0000000715c00000|  0%| F|  |TAMS 0x0000000715a00000, 0x0000000715a00000| Untracked 
|  98|0x0000000715c00000, 0x0000000715c00000, 0x0000000715e00000|  0%| F|  |TAMS 0x0000000715c00000, 0x0000000715c00000| Untracked 
|  99|0x0000000715e00000, 0x0000000715e00000, 0x0000000716000000|  0%| F|  |TAMS 0x0000000715e00000, 0x0000000715e00000| Untracked 
| 100|0x0000000716000000, 0x0000000716000000, 0x0000000716200000|  0%| F|  |TAMS 0x0000000716000000, 0x0000000716000000| Untracked 
| 101|0x0000000716200000, 0x0000000716200000, 0x0000000716400000|  0%| F|  |TAMS 0x0000000716200000, 0x0000000716200000| Untracked 
| 102|0x0000000716400000, 0x0000000716400000, 0x0000000716600000|  0%| F|  |TAMS 0x0000000716400000, 0x0000000716400000| Untracked 
| 103|0x0000000716600000, 0x0000000716600000, 0x0000000716800000|  0%| F|  |TAMS 0x0000000716600000, 0x0000000716600000| Untracked 
| 104|0x0000000716800000, 0x0000000716800000, 0x0000000716a00000|  0%| F|  |TAMS 0x0000000716800000, 0x0000000716800000| Untracked 
| 105|0x0000000716a00000, 0x0000000716a00000, 0x0000000716c00000|  0%| F|  |TAMS 0x0000000716a00000, 0x0000000716a00000| Untracked 
| 106|0x0000000716c00000, 0x0000000716c00000, 0x0000000716e00000|  0%| F|  |TAMS 0x0000000716c00000, 0x0000000716c00000| Untracked 
| 107|0x0000000716e00000, 0x0000000716e00000, 0x0000000717000000|  0%| F|  |TAMS 0x0000000716e00000, 0x0000000716e00000| Untracked 
| 108|0x0000000717000000, 0x0000000717000000, 0x0000000717200000|  0%| F|  |TAMS 0x0000000717000000, 0x0000000717000000| Untracked 
| 109|0x0000000717200000, 0x0000000717200000, 0x0000000717400000|  0%| F|  |TAMS 0x0000000717200000, 0x0000000717200000| Untracked 
| 110|0x0000000717400000, 0x0000000717400000, 0x0000000717600000|  0%| F|  |TAMS 0x0000000717400000, 0x0000000717400000| Untracked 
| 111|0x0000000717600000, 0x0000000717600000, 0x0000000717800000|  0%| F|  |TAMS 0x0000000717600000, 0x0000000717600000| Untracked 
| 112|0x0000000717800000, 0x0000000717800000, 0x0000000717a00000|  0%| F|  |TAMS 0x0000000717800000, 0x0000000717800000| Untracked 
| 113|0x0000000717a00000, 0x0000000717a00000, 0x0000000717c00000|  0%| F|  |TAMS 0x0000000717a00000, 0x0000000717a00000| Untracked 
| 114|0x0000000717c00000, 0x0000000717dc61e0, 0x0000000717e00000| 88%| E|  |TAMS 0x0000000717c00000, 0x0000000717c00000| Complete 
| 115|0x0000000717e00000, 0x0000000718000000, 0x0000000718000000|100%| E|CS|TAMS 0x0000000717e00000, 0x0000000717e00000| Complete 
| 116|0x0000000718000000, 0x0000000718200000, 0x0000000718200000|100%| E|  |TAMS 0x0000000718000000, 0x0000000718000000| Complete 
| 117|0x0000000718200000, 0x0000000718400000, 0x0000000718400000|100%| E|CS|TAMS 0x0000000718200000, 0x0000000718200000| Complete 
| 118|0x0000000718400000, 0x0000000718600000, 0x0000000718600000|100%| E|CS|TAMS 0x0000000718400000, 0x0000000718400000| Complete 
| 119|0x0000000718600000, 0x0000000718800000, 0x0000000718800000|100%| E|CS|TAMS 0x0000000718600000, 0x0000000718600000| Complete 
| 120|0x0000000718800000, 0x0000000718a00000, 0x0000000718a00000|100%| E|CS|TAMS 0x0000000718800000, 0x0000000718800000| Complete 
| 121|0x0000000718a00000, 0x0000000718c00000, 0x0000000718c00000|100%| E|CS|TAMS 0x0000000718a00000, 0x0000000718a00000| Complete 
| 122|0x0000000718c00000, 0x0000000718e00000, 0x0000000718e00000|100%| E|CS|TAMS 0x0000000718c00000, 0x0000000718c00000| Complete 
| 123|0x0000000718e00000, 0x0000000719000000, 0x0000000719000000|100%| E|CS|TAMS 0x0000000718e00000, 0x0000000718e00000| Complete 

Card table byte_map: [0x00000170fc4f0000,0x00000170fccb0000] _byte_map_base: 0x00000170f8ca4000

Marking Bits (Prev, Next): (CMBitMap*) 0x00000170f836d8c0, (CMBitMap*) 0x00000170f836d900
 Prev Bits: [0x000001708f000000, 0x0000017092da0000)
 Next Bits: [0x0000017092da0000, 0x0000017096b40000)

Polling page: 0x00000170f62d0000

Metaspace:

Usage:
  Non-class:      9.10 MB used.
      Class:   1015.56 KB used.
       Both:     10.09 MB used.

Virtual space:
  Non-class space:       64.00 MB reserved,       9.12 MB ( 14%) committed,  1 nodes.
      Class space:        1.00 GB reserved,       1.06 MB ( <1%) committed,  1 nodes.
             Both:        1.06 GB reserved,      10.19 MB ( <1%) committed. 

Chunk freelists:
   Non-Class:  6.55 MB
       Class:  14.98 MB
        Both:  21.53 MB

MaxMetaspaceSize: unlimited
CompressedClassSpaceSize: 1.00 GB
Initial GC threshold: 21.00 MB
Current GC threshold: 21.00 MB
CDS: off
MetaspaceReclaimPolicy: balanced
 - commit_granule_bytes: 65536.
 - commit_granule_words: 8192.
 - virtual_space_node_default_size: 8388608.
 - enlarge_chunks_in_place: 1.
 - new_chunks_are_fully_committed: 0.
 - uncommit_free_chunks: 1.
 - use_allocation_guard: 0.
 - handle_deallocations: 1.


Internal statistics:

num_allocs_failed_limit: 0.
num_arena_births: 16.
num_arena_deaths: 0.
num_vsnodes_births: 2.
num_vsnodes_deaths: 0.
num_space_committed: 163.
num_space_uncommitted: 0.
num_chunks_returned_to_freelist: 0.
num_chunks_taken_from_freelist: 95.
num_chunk_merges: 0.
num_chunk_splits: 54.
num_chunks_enlarged: 46.
num_inconsistent_stats: 0.

CodeHeap 'non-profiled nmethods': size=120000Kb used=271Kb max_used=271Kb free=119728Kb
 bounds [0x0000017087ad0000, 0x0000017087d40000, 0x000001708f000000]
CodeHeap 'profiled nmethods': size=120000Kb used=1347Kb max_used=1347Kb free=118652Kb
 bounds [0x0000017080000000, 0x0000017080270000, 0x0000017087530000]
CodeHeap 'non-nmethods': size=5760Kb used=1126Kb max_used=1157Kb free=4633Kb
 bounds [0x0000017087530000, 0x00000170877a0000, 0x0000017087ad0000]
 total_blobs=1162 nmethods=753 adapters=322
 compilation: enabled
              stopped_count=0, restarted_count=0
 full_count=0

Compilation events (20 events):
Event: 0.522 Thread 0x000001709b4d0490 nmethod 736 0x0000017087b12210 code [0x0000017087b123a0, 0x0000017087b126d8]
Event: 0.522 Thread 0x000001709b4d0490  744   !   4       java.util.zip.ZipFile::getEntry (59 bytes)
Event: 0.524 Thread 0x000001709b0b8cf0  746       3       java.util.zip.ZipFile$ZipFileInflaterInputStream::fill (80 bytes)
Event: 0.524 Thread 0x000001709b0b8cf0 nmethod 746 0x000001708014a010 code [0x000001708014a1e0, 0x000001708014a588]
Event: 0.524 Thread 0x000001709b0b8cf0  747   !   3       java.util.zip.ZipFile$ZipFileInputStream::read (135 bytes)
Event: 0.525 Thread 0x000001709b0b8cf0 nmethod 747 0x000001708014a710 code [0x000001708014a920, 0x000001708014b018]
Event: 0.525 Thread 0x000001709b0b8cf0  748       3       java.util.zip.ZipFile::ensureOpenOrZipException (19 bytes)
Event: 0.525 Thread 0x000001709b0b8cf0 nmethod 748 0x000001708014b410 code [0x000001708014b5c0, 0x000001708014b7e8]
Event: 0.525 Thread 0x000001709b0b8cf0  749       3       java.util.zip.ZipFile$ZipFileInputStream::initDataOffset (117 bytes)
Event: 0.525 Thread 0x000001709b0b8cf0 nmethod 749 0x000001708014b910 code [0x000001708014bb40, 0x000001708014c388]
Event: 0.525 Thread 0x000001709b0b8cf0  750       3       java.util.zip.ZipUtils::LOCNAM (7 bytes)
Event: 0.525 Thread 0x000001709b0b8cf0 nmethod 750 0x000001708014c710 code [0x000001708014c8a0, 0x000001708014ca58]
Event: 0.525 Thread 0x000001709b0b8cf0  751       3       java.util.zip.ZipUtils::LOCEXT (7 bytes)
Event: 0.526 Thread 0x000001709b0b8cf0 nmethod 751 0x000001708014cb90 code [0x000001708014cd20, 0x000001708014ced8]
Event: 0.526 Thread 0x000001709b0b8cf0  752   !   3       java.util.zip.ZipFile$Source::readAt (39 bytes)
Event: 0.526 Thread 0x000001709b0b8cf0 nmethod 752 0x000001708014d010 code [0x000001708014d200, 0x000001708014d688]
Event: 0.526 Thread 0x000001709b0b8cf0  753   !   3       java.util.zip.Inflater::setInput (69 bytes)
Event: 0.526 Thread 0x000001709b0b8cf0 nmethod 753 0x000001708014da10 code [0x000001708014dbe0, 0x000001708014e008]
Event: 0.526 Thread 0x000001709b0b8cf0  754       3       java.util.zip.InflaterInputStream::<init> (79 bytes)
Event: 0.526 Thread 0x000001709b0b8cf0 nmethod 754 0x000001708014e190 code [0x000001708014e380, 0x000001708014ebd8]

GC Heap History (0 events):
No events

Dll operation events (2 events):
Event: 0.005 Loaded shared library C:\Program Files\Android\Android Studio\jbr\bin\java.dll
Event: 0.105 Loaded shared library C:\Program Files\Android\Android Studio\jbr\bin\verify.dll

Deoptimization events (20 events):
Event: 0.405 Thread 0x00000170f83019a0 DEOPT PACKING pc=0x0000017087af7434 sp=0x000000260c5f9660
Event: 0.405 Thread 0x00000170f83019a0 DEOPT UNPACKING pc=0x00000170875869a3 sp=0x000000260c5f95f0 mode 2
Event: 0.433 Thread 0x00000170f83019a0 Uncommon trap: trap_request=0xffffffde fr.pc=0x0000017087af74a4 relative=0x0000000000000f24
Event: 0.433 Thread 0x00000170f83019a0 Uncommon trap: reason=class_check action=maybe_recompile pc=0x0000017087af74a4 method=java.util.HashMap.putVal(ILjava/lang/Object;Ljava/lang/Object;ZZ)Ljava/lang/Object; @ 203 c2
Event: 0.433 Thread 0x00000170f83019a0 DEOPT PACKING pc=0x0000017087af74a4 sp=0x000000260c5fbb70
Event: 0.433 Thread 0x00000170f83019a0 DEOPT UNPACKING pc=0x00000170875869a3 sp=0x000000260c5fbb00 mode 2
Event: 0.437 Thread 0x00000170f83019a0 DEOPT PACKING pc=0x000001708003ca50 sp=0x000000260c5fb4d0
Event: 0.437 Thread 0x00000170f83019a0 DEOPT UNPACKING pc=0x0000017087587143 sp=0x000000260c5fa990 mode 0
Event: 0.456 Thread 0x00000170f83019a0 Uncommon trap: trap_request=0xffffff45 fr.pc=0x0000017087afc7a8 relative=0x00000000000003e8
Event: 0.456 Thread 0x00000170f83019a0 Uncommon trap: reason=unstable_if action=reinterpret pc=0x0000017087afc7a8 method=java.util.zip.ZipCoder$UTF8ZipCoder.checkedHash([BII)I @ 27 c2
Event: 0.456 Thread 0x00000170f83019a0 DEOPT PACKING pc=0x0000017087afc7a8 sp=0x000000260c5fb210
Event: 0.456 Thread 0x00000170f83019a0 DEOPT UNPACKING pc=0x00000170875869a3 sp=0x000000260c5fb0d8 mode 2
Event: 0.457 Thread 0x00000170f83019a0 Uncommon trap: trap_request=0xffffff45 fr.pc=0x0000017087ad9f28 relative=0x00000000000001a8
Event: 0.457 Thread 0x00000170f83019a0 Uncommon trap: reason=unstable_if action=reinterpret pc=0x0000017087ad9f28 method=java.lang.String.hashCode()I @ 20 c2
Event: 0.457 Thread 0x00000170f83019a0 DEOPT PACKING pc=0x0000017087ad9f28 sp=0x000000260c5fb010
Event: 0.457 Thread 0x00000170f83019a0 DEOPT UNPACKING pc=0x00000170875869a3 sp=0x000000260c5fafa0 mode 2
Event: 0.457 Thread 0x00000170f83019a0 Uncommon trap: trap_request=0xffffff45 fr.pc=0x0000017087afb818 relative=0x0000000000000178
Event: 0.457 Thread 0x00000170f83019a0 Uncommon trap: reason=unstable_if action=reinterpret pc=0x0000017087afb818 method=java.util.zip.ZipFile$Source.isMetaName([BII)Z @ 57 c2
Event: 0.457 Thread 0x00000170f83019a0 DEOPT PACKING pc=0x0000017087afb818 sp=0x000000260c5fb220
Event: 0.457 Thread 0x00000170f83019a0 DEOPT UNPACKING pc=0x00000170875869a3 sp=0x000000260c5fb1b0 mode 2

Classes unloaded (0 events):
No events

Classes redefined (0 events):
No events

Internal exceptions (1 events):
Event: 0.227 Thread 0x00000170f83019a0 Exception <a 'java/lang/NoSuchMethodError'{0x0000000718d84cb0}: 'int java.lang.invoke.DirectMethodHandle$Holder.invokeStaticInit(java.lang.Object, java.lang.Object)'> (0x0000000718d84cb0) 
thrown [s\src\hotspot\share\interpreter\linkResolver.cpp, line 771]

VM Operations (4 events):
Event: 0.101 Executing VM operation: HandshakeAllThreads
Event: 0.101 Executing VM operation: HandshakeAllThreads done
Event: 0.495 Executing VM operation: HandshakeAllThreads
Event: 0.495 Executing VM operation: HandshakeAllThreads done

Events (20 events):
Event: 0.512 loading class java/util/ServiceLoader$1
Event: 0.512 loading class java/util/ServiceLoader$1 done
Event: 0.512 loading class java/util/ServiceLoader$ProviderImpl
Event: 0.512 loading class java/util/ServiceLoader$Provider
Event: 0.512 loading class java/util/ServiceLoader$Provider done
Event: 0.512 loading class java/util/ServiceLoader$ProviderImpl done
Event: 0.512 loading class jdk/internal/logger/BootstrapLogger$LoggingBackend
Event: 0.512 loading class jdk/internal/logger/BootstrapLogger$LoggingBackend done
Event: 0.512 loading class jdk/internal/logger/BootstrapLogger$RedirectedLoggers
Event: 0.512 loading class jdk/internal/logger/BootstrapLogger$RedirectedLoggers done
Event: 0.512 loading class jdk/internal/logger/BootstrapLogger$BootstrapExecutors
Event: 0.512 loading class jdk/internal/logger/BootstrapLogger$BootstrapExecutors done
Event: 0.512 loading class java/util/logging/LogManager$4
Event: 0.512 loading class java/util/logging/LogManager$4 done
Event: 0.512 loading class java/util/logging/Logger$SystemLoggerHelper
Event: 0.512 loading class java/util/logging/Logger$SystemLoggerHelper done
Event: 0.512 loading class java/util/logging/Logger$SystemLoggerHelper$1
Event: 0.512 loading class java/util/logging/Logger$SystemLoggerHelper$1 done
Event: 0.512 loading class jdk/internal/logger/DefaultLoggerFinder$1
Event: 0.512 loading class jdk/internal/logger/DefaultLoggerFinder$1 done


Dynamic libraries:
0x00007ff7fe420000 - 0x00007ff7fe42a000 	C:\Program Files\Android\Android Studio\jbr\bin\java.exe
0x00007ffa7a310000 - 0x00007ffa7a527000 	C:\WINDOWS\SYSTEM32\ntdll.dll
0x00007ffa784d0000 - 0x00007ffa78594000 	C:\WINDOWS\System32\KERNEL32.DLL
0x00007ffa77700000 - 0x00007ffa77aad000 	C:\WINDOWS\System32\KERNELBASE.dll
0x00007ffa77f30000 - 0x00007ffa78041000 	C:\WINDOWS\System32\ucrtbase.dll
0x00007ffa677b0000 - 0x00007ffa677c7000 	C:\Program Files\Android\Android Studio\jbr\bin\jli.dll
0x00007ffa68d30000 - 0x00007ffa68d4b000 	C:\Program Files\Android\Android Studio\jbr\bin\VCRUNTIME140.dll
0x00007ffa79160000 - 0x00007ffa7930e000 	C:\WINDOWS\System32\USER32.dll
0x00007ffa77c20000 - 0x00007ffa77c46000 	C:\WINDOWS\System32\win32u.dll
0x00007ffa65db0000 - 0x00007ffa66043000 	C:\WINDOWS\WinSxS\amd64_microsoft.windows.common-controls_6595b64144ccf1df_6.0.22621.3672_none_2713b9d173822955\COMCTL32.dll
0x00007ffa784a0000 - 0x00007ffa784c9000 	C:\WINDOWS\System32\GDI32.dll
0x00007ffa782b0000 - 0x00007ffa78357000 	C:\WINDOWS\System32\msvcrt.dll
0x00007ffa77de0000 - 0x00007ffa77ef9000 	C:\WINDOWS\System32\gdi32full.dll
0x00007ffa77d40000 - 0x00007ffa77dda000 	C:\WINDOWS\System32\msvcp_win.dll
0x00007ffa798b0000 - 0x00007ffa798e1000 	C:\WINDOWS\System32\IMM32.DLL
0x00007ffa6f8a0000 - 0x00007ffa6f8ac000 	C:\Program Files\Android\Android Studio\jbr\bin\vcruntime140_1.dll
0x00007ffa23ea0000 - 0x00007ffa23f2d000 	C:\Program Files\Android\Android Studio\jbr\bin\msvcp140.dll
0x00007ff9ebeb0000 - 0x00007ff9ecb33000 	C:\Program Files\Android\Android Studio\jbr\bin\server\jvm.dll
0x00007ffa78650000 - 0x00007ffa78702000 	C:\WINDOWS\System32\ADVAPI32.dll
0x00007ffa785a0000 - 0x00007ffa78649000 	C:\WINDOWS\System32\sechost.dll
0x00007ffa77f00000 - 0x00007ffa77f28000 	C:\WINDOWS\System32\bcrypt.dll
0x00007ffa7a1b0000 - 0x00007ffa7a2c4000 	C:\WINDOWS\System32\RPCRT4.dll
0x00007ffa513c0000 - 0x00007ffa513c9000 	C:\WINDOWS\SYSTEM32\WSOCK32.dll
0x00007ffa77350000 - 0x00007ffa7739d000 	C:\WINDOWS\SYSTEM32\POWRPROF.dll
0x00007ffa78360000 - 0x00007ffa783d1000 	C:\WINDOWS\System32\WS2_32.dll
0x00007ffa6e4b0000 - 0x00007ffa6e4ba000 	C:\WINDOWS\SYSTEM32\VERSION.dll
0x00007ffa72340000 - 0x00007ffa72374000 	C:\WINDOWS\SYSTEM32\WINMM.dll
0x00007ffa77330000 - 0x00007ffa77343000 	C:\WINDOWS\SYSTEM32\UMPDC.dll
0x00007ffa76610000 - 0x00007ffa76628000 	C:\WINDOWS\SYSTEM32\kernel.appcore.dll
0x00007ffa513b0000 - 0x00007ffa513ba000 	C:\Program Files\Android\Android Studio\jbr\bin\jimage.dll
0x00007ffa6b1e0000 - 0x00007ffa6b412000 	C:\WINDOWS\SYSTEM32\DBGHELP.DLL
0x00007ffa78dd0000 - 0x00007ffa79158000 	C:\WINDOWS\System32\combase.dll
0x00007ffa781d0000 - 0x00007ffa782a7000 	C:\WINDOWS\System32\OLEAUT32.dll
0x00007ffa6b1a0000 - 0x00007ffa6b1d2000 	C:\WINDOWS\SYSTEM32\dbgcore.DLL
0x00007ffa77cc0000 - 0x00007ffa77d3b000 	C:\WINDOWS\System32\bcryptPrimitives.dll
0x00007ffa51380000 - 0x00007ffa513a5000 	C:\Program Files\Android\Android Studio\jbr\bin\java.dll
0x00007ffa3eaa0000 - 0x00007ffa3eab8000 	C:\Program Files\Android\Android Studio\jbr\bin\zip.dll
0x00007ffa798f0000 - 0x00007ffa7a14f000 	C:\WINDOWS\System32\SHELL32.dll
0x00007ffa75590000 - 0x00007ffa75e8c000 	C:\WINDOWS\SYSTEM32\windows.storage.dll
0x00007ffa75450000 - 0x00007ffa7558f000 	C:\WINDOWS\SYSTEM32\wintypes.dll
0x00007ffa79310000 - 0x00007ffa79404000 	C:\WINDOWS\System32\SHCORE.dll
0x00007ffa78790000 - 0x00007ffa787ee000 	C:\WINDOWS\System32\shlwapi.dll
0x00007ffa77570000 - 0x00007ffa77591000 	C:\WINDOWS\SYSTEM32\profapi.dll
0x00007ffa72ca0000 - 0x00007ffa72cb9000 	C:\Program Files\Android\Android Studio\jbr\bin\net.dll
0x00007ffa73030000 - 0x00007ffa73166000 	C:\WINDOWS\SYSTEM32\WINHTTP.dll
0x00007ffa76ae0000 - 0x00007ffa76b49000 	C:\WINDOWS\system32\mswsock.dll
0x00007ffa723b0000 - 0x00007ffa723c6000 	C:\Program Files\Android\Android Studio\jbr\bin\nio.dll
0x00007ffa748b0000 - 0x00007ffa748c0000 	C:\Program Files\Android\Android Studio\jbr\bin\verify.dll

dbghelp: loaded successfully - version: 4.0.5 - missing functions: none
symbol engine: initialized successfully - sym options: 0x614 - pdb path: .;C:\Program Files\Android\Android Studio\jbr\bin;C:\WINDOWS\SYSTEM32;C:\WINDOWS\WinSxS\amd64_microsoft.windows.common-controls_6595b64144ccf1df_6.0.22621.3672_none_2713b9d173822955;C:\Program Files\Android\Android Studio\jbr\bin\server

VM Arguments:
jvm_args: -Dorg.gradle.appname=gradlew 
java_command: org.gradle.wrapper.GradleWrapperMain -q -Ptarget-platform=android-x86 -Ptarget=C:\Users\busez\netflix_clone\lib\main.dart -Pbase-application-name=android.app.Application -Pdart-defines=RkxVVFRFUl9XRUJfQ0FOVkFTS0lUX1VSTD1odHRwczovL3d3dy5nc3RhdGljLmNvbS9mbHV0dGVyLWNhbnZhc2tpdC8yMzVkYjkxMWJhMjc5NzIyZjVlNjg1ZjM4YjBlZDMwZmE3ZTg1NzBhLw== -Pdart-obfuscation=false -Ptrack-widget-creation=true -Ptree-shake-icons=false -Pfilesystem-scheme=org-dartlang-root assembleDebug
java_class_path (initial): C:\Users\busez\netflix_clone\android\\gradle\wrapper\gradle-wrapper.jar
Launcher Type: SUN_STANDARD

[Global flags]
     intx CICompilerCount                          = 4                                         {product} {ergonomic}
     uint ConcGCThreads                            = 3                                         {product} {ergonomic}
     uint G1ConcRefinementThreads                  = 10                                        {product} {ergonomic}
   size_t G1HeapRegionSize                         = 2097152                                   {product} {ergonomic}
    uintx GCDrainStackTargetSize                   = 64                                        {product} {ergonomic}
   size_t InitialHeapSize                          = 260046848                                 {product} {ergonomic}
   size_t MarkStackSize                            = 4194304                                   {product} {ergonomic}
   size_t MaxHeapSize                              = 4135583744                                {product} {ergonomic}
   size_t MaxNewSize                               = 2480930816                                {product} {ergonomic}
   size_t MinHeapDeltaBytes                        = 2097152                                   {product} {ergonomic}
   size_t MinHeapSize                              = 8388608                                   {product} {ergonomic}
    uintx NonNMethodCodeHeapSize                   = 5839372                                {pd product} {ergonomic}
    uintx NonProfiledCodeHeapSize                  = 122909434                              {pd product} {ergonomic}
    uintx ProfiledCodeHeapSize                     = 122909434                              {pd product} {ergonomic}
    uintx ReservedCodeCacheSize                    = 251658240                              {pd product} {ergonomic}
     bool SegmentedCodeCache                       = true                                      {product} {ergonomic}
   size_t SoftMaxHeapSize                          = 4135583744                             {manageable} {ergonomic}
     bool UseCompressedClassPointers               = true                           {product lp64_product} {ergonomic}
     bool UseCompressedOops                        = true                           {product lp64_product} {ergonomic}
     bool UseG1GC                                  = true                                      {product} {ergonomic}
     bool UseLargePagesIndividualAllocation        = false                                  {pd product} {ergonomic}

Logging:
Log output configuration:
 #0: stdout all=warning uptime,level,tags
 #1: stderr all=off uptime,level,tags

Environment Variables:
JAVA_HOME=C:\Program Files\Android\Android Studio\jbr
CLASSPATH=C:\Users\busez\netflix_clone\android\\gradle\wrapper\gradle-wrapper.jar
PATH=C:\Program Files\Android\Android Studio\jbr\bin;C:\Users\busez\AppData\Local\Programs\Python\Python312\Scripts\;C:\Users\busez\AppData\Local\Programs\Python\Python312\;C:\Program Files\NVIDIA GPU Computing Toolkit\CUDA\v12.4\bin;C:\Program Files\NVIDIA GPU Computing Toolkit\CUDA\v12.4\libnvvp;C:\Program Files\Common Files\Oracle\Java\javapath;C:\WINDOWS\system32;C:\WINDOWS;C:\WINDOWS\System32\Wbem;C:\WINDOWS\System32\WindowsPowerShell\v1.0\;C:\WINDOWS\System32\OpenSSH\;C:\WINDOWS\system32;C:\WINDOWS;C:\WINDOWS\System32\Wbem;C:\WINDOWS\System32\WindowsPowerShell\v1.0\;C:\WINDOWS\System32\OpenSSH\;C:\Program Files\dotnet\;C:\Program Files\NVIDIA Corporation\Nsight Compute 2024.1.1\;C:\Program Files (x86)\NVIDIA Corporation\PhysX\Common;C:\Program Files (x86)\Microsoft SQL Server\160\Tools\Binn\;C:\Program Files\Microsoft SQL Server\160\Tools\Binn\;C:\Program Files\Microsoft SQL Server\Client SDK\ODBC\170\Tools\Binn\;C:\Program Files\Microsoft SQL Server\160\DTS\Binn\;C:\Program Files\Microsoft SQL Server\150\Tools\Binn\;C:\Program Files\Microsoft SQL Server\110\Tools\Binn\;C:\Program Files (x86)\Microsoft SQL Server\110\Tools\Binn\;C:\Program Files\Microsoft SQL Server\110\DTS\Binn\;C:\Program Files (x86)\Microsoft SQL Server\110\Tools\Binn\ManagementStudio\;C:\Program Files (x86)\Microsoft SQL Server\110\DTS\Binn\;C:\Program Files\Git\cmd;C:\Program Files\nodejs\;C:\ProgramData\chocolatey\bin;C:\Users\busez\AppData\Local\Pub\Cache\bin;C:\Program Files\NVIDIA GPU Computing Toolkit\CUDA\v12.4\bin;C:\Program Files\NVIDIA GPU Computing Toolkit\CUDA\v12.4\libnvvp;C:\Program Files\Common Files\Oracle\Java\javapath;C:\WINDOWS\system32;C:\WINDOWS;C:\WINDOWS\System32\Wbem;C:\WINDOWS\System32\WindowsPowerShell\v1.0\;C:\WINDOWS\System32\OpenSSH\;C:\WINDOWS\system32;C:\WINDOWS;C:\WINDOWS\System32\Wbem;C:\WINDOWS\System32\WindowsPowerShell\v1.0\;C:\WINDOWS\System32\OpenSSH\;C:\Program Files\Git\cmd;C:\Program Files\dotnet\;C:\Program Files\NVIDIA Corporation\Nsight Compute 2024
USERNAME=busez
OS=Windows_NT
PROCESSOR_IDENTIFIER=AMD64 Family 23 Model 96 Stepping 1, AuthenticAMD
TMP=C:\Users\busez\AppData\Local\Temp
TEMP=C:\Users\busez\AppData\Local\Temp



Periodic native trim disabled

JNI global refs:
JNI global refs: 9, weak refs: 0

JNI global refs memory usage: 843, weak refs: 841

OOME stack traces (most recent first):
Classloader memory used:
