#
# There is insufficient memory for the Java Runtime Environment to continue.
# Native memory allocation (malloc) failed to allocate 32744 bytes for ChunkPool::allocate
# Possible reasons:
#   The system is out of physical RAM or swap space
#   The process is running with CompressedOops enabled, and the Java Heap may be blocking the growth of the native heap
# Possible solutions:
#   Reduce memory load on the system
#   Increase physical memory or swap space
#   Check if swap backing store is full
#   Decrease Java heap size (-Xmx/-Xms)
#   Decrease number of Java threads
#   Decrease Java thread stack sizes (-Xss)
#   Set larger code cache with -XX:ReservedCodeCacheSize=
#   JVM is running with Zero Based Compressed Oops mode in which the Java heap is
#     placed in the first 32GB address space. The Java Heap base address is the
#     maximum limit for the native heap growth. Please use -XX:HeapBaseMinAddress
#     to set the Java Heap base and to place the Java Heap above 32GB virtual address.
# This output file may be truncated or incomplete.
#
#  Out of Memory Error (arena.cpp:79), pid=1456, tid=12688
#
# JRE version: OpenJDK Runtime Environment (17.0.10) (build 17.0.10+0--11609105)
# Java VM: OpenJDK 64-Bit Server VM (17.0.10+0--11609105, mixed mode, tiered, compressed oops, compressed class ptrs, g1 gc, windows-amd64)
# No core dump will be written. Minidumps are not enabled by default on client versions of Windows
#

---------------  S U M M A R Y ------------

Command Line: -Dorg.gradle.appname=gradlew org.gradle.wrapper.GradleWrapperMain -q -Ptarget-platform=android-x86 -Ptarget=C:\Users\busez\netflix_clone\lib\main.dart -Pbase-application-name=android.app.Application -Pdart-defines=RkxVVFRFUl9XRUJfQ0FOVkFTS0lUX1VSTD1odHRwczovL3d3dy5nc3RhdGljLmNvbS9mbHV0dGVyLWNhbnZhc2tpdC8yMzVkYjkxMWJhMjc5NzIyZjVlNjg1ZjM4YjBlZDMwZmE3ZTg1NzBhLw== -Pdart-obfuscation=false -Ptrack-widget-creation=true -Ptree-shake-icons=false -Pfilesystem-scheme=org-dartlang-root assembleDebug

Host: AMD Ryzen 5 4600H with Radeon Graphics         , 12 cores, 15G,  Windows 11 , 64 bit Build 22621 (10.0.22621.3672)
Time: Wed Jul 31 11:58:14 2024 Türkiye Standart Saati elapsed time: 9.059438 seconds (0d 0h 0m 9s)

---------------  T H R E A D  ---------------

Current thread (0x0000027f4ea24980):  JavaThread "C1 CompilerThread0" daemon [_thread_in_native, id=12688, stack(0x000000f0f1a00000,0x000000f0f1b00000)]


Current CompileTask:
C1:   9059 1195       3       java.util.concurrent.ScheduledThreadPoolExecutor::canRunInCurrentRunState (61 bytes)

Stack: [0x000000f0f1a00000,0x000000f0f1b00000]
Native frames: (J=compiled Java code, j=interpreted, Vv=VM code, C=native code)
V  [jvm.dll+0x688de9]
V  [jvm.dll+0x8423da]
V  [jvm.dll+0x84401e]
V  [jvm.dll+0x844683]
V  [jvm.dll+0x24be0f]
V  [jvm.dll+0xac721]
V  [jvm.dll+0xacb6c]
V  [jvm.dll+0x178a03]
V  [jvm.dll+0x178acd]
V  [jvm.dll+0x17b2b1]
V  [jvm.dll+0x17cdd1]
V  [jvm.dll+0x137393]
V  [jvm.dll+0x136c9f]
V  [jvm.dll+0x136ed6]
V  [jvm.dll+0x13636a]
V  [jvm.dll+0x138021]
V  [jvm.dll+0x22cd78]
V  [jvm.dll+0x22aeb0]
V  [jvm.dll+0x7f6877]
V  [jvm.dll+0x7f0c7a]
V  [jvm.dll+0x687c65]
C  [ucrtbase.dll+0x29333]
C  [KERNEL32.DLL+0x1257d]
C  [ntdll.dll+0x5af28]


---------------  P R O C E S S  ---------------

Threads class SMR info:
_java_thread_list=0x0000027f53d76a50, length=15, elements={
0x0000027f2df41e70, 0x0000027f4e9cf6b0, 0x0000027f4e9d0240, 0x0000027f4ea21a00,
0x0000027f4ea222d0, 0x0000027f4ea22ba0, 0x0000027f4ea23470, 0x0000027f4ea24070,
0x0000027f4ea24980, 0x0000027f4ea292b0, 0x0000027f4eb9a870, 0x0000027f4eb9cd60,
0x0000027f533a70a0, 0x0000027f53d7b600, 0x0000027f53842a00
}

Java Threads: ( => current thread )
  0x0000027f2df41e70 JavaThread "main" [_thread_in_native, id=4508, stack(0x000000f0f0c00000,0x000000f0f0d00000)]
  0x0000027f4e9cf6b0 JavaThread "Reference Handler" daemon [_thread_blocked, id=16740, stack(0x000000f0f1300000,0x000000f0f1400000)]
  0x0000027f4e9d0240 JavaThread "Finalizer" daemon [_thread_blocked, id=10596, stack(0x000000f0f1400000,0x000000f0f1500000)]
  0x0000027f4ea21a00 JavaThread "Signal Dispatcher" daemon [_thread_blocked, id=12836, stack(0x000000f0f1500000,0x000000f0f1600000)]
  0x0000027f4ea222d0 JavaThread "Attach Listener" daemon [_thread_blocked, id=18716, stack(0x000000f0f1600000,0x000000f0f1700000)]
  0x0000027f4ea22ba0 JavaThread "Service Thread" daemon [_thread_blocked, id=3900, stack(0x000000f0f1700000,0x000000f0f1800000)]
  0x0000027f4ea23470 JavaThread "Monitor Deflation Thread" daemon [_thread_blocked, id=2904, stack(0x000000f0f1800000,0x000000f0f1900000)]
  0x0000027f4ea24070 JavaThread "C2 CompilerThread0" daemon [_thread_blocked, id=10476, stack(0x000000f0f1900000,0x000000f0f1a00000)]
=>0x0000027f4ea24980 JavaThread "C1 CompilerThread0" daemon [_thread_in_native, id=12688, stack(0x000000f0f1a00000,0x000000f0f1b00000)]
  0x0000027f4ea292b0 JavaThread "Sweeper thread" daemon [_thread_blocked, id=1992, stack(0x000000f0f1b00000,0x000000f0f1c00000)]
  0x0000027f4eb9a870 JavaThread "Notification Thread" daemon [_thread_blocked, id=20356, stack(0x000000f0f1c00000,0x000000f0f1d00000)]
  0x0000027f4eb9cd60 JavaThread "Common-Cleaner" daemon [_thread_blocked, id=14736, stack(0x000000f0f1e00000,0x000000f0f1f00000)]
  0x0000027f533a70a0 JavaThread "pool-1-thread-1" [_thread_blocked, id=19696, stack(0x000000f0f2500000,0x000000f0f2600000)]
  0x0000027f53d7b600 JavaThread "DisconnectableInputStream source reader" daemon [_thread_in_native, id=12024, stack(0x000000f0f2000000,0x000000f0f2100000)]
  0x0000027f53842a00 JavaThread "Forward input" [_thread_blocked, id=14948, stack(0x000000f0f2600000,0x000000f0f2700000)]

Other Threads:
  0x0000027f4e9cbb70 VMThread "VM Thread" [stack: 0x000000f0f1200000,0x000000f0f1300000] [id=3896]
  0x0000027f4e82a000 WatcherThread [stack: 0x000000f0f1d00000,0x000000f0f1e00000] [id=19468]
  0x0000027f2dfab670 GCTaskThread "GC Thread#0" [stack: 0x000000f0f0d00000,0x000000f0f0e00000] [id=11984]
  0x0000027f5386b3e0 GCTaskThread "GC Thread#1" [stack: 0x000000f0f2100000,0x000000f0f2200000] [id=3472]
  0x0000027f5386b6a0 GCTaskThread "GC Thread#2" [stack: 0x000000f0f2200000,0x000000f0f2300000] [id=8796]
  0x0000027f5386b960 GCTaskThread "GC Thread#3" [stack: 0x000000f0f2300000,0x000000f0f2400000] [id=17064]
  0x0000027f53a5a800 GCTaskThread "GC Thread#4" [stack: 0x000000f0f2400000,0x000000f0f2500000] [id=20116]
  0x0000027f2dfbbb50 ConcurrentGCThread "G1 Main Marker" [stack: 0x000000f0f0e00000,0x000000f0f0f00000] [id=3876]
  0x0000027f2dfbf3a0 ConcurrentGCThread "G1 Conc#0" [stack: 0x000000f0f0f00000,0x000000f0f1000000] [id=15896]
  0x0000027f2dfee900 ConcurrentGCThread "G1 Refine#0" [stack: 0x000000f0f1000000,0x000000f0f1100000] [id=1580]
  0x0000027f4e6f6a40 ConcurrentGCThread "G1 Service" [stack: 0x000000f0f1100000,0x000000f0f1200000] [id=14420]

Threads with active compile tasks:
C1 CompilerThread0     9074 1195       3       java.util.concurrent.ScheduledThreadPoolExecutor::canRunInCurrentRunState (61 bytes)

VM state: not at safepoint (normal execution)

VM Mutex/Monitor currently owned by a thread: None

Heap address: 0x0000000709800000, size: 3944 MB, Compressed Oops mode: Zero based, Oop shift amount: 3

CDS archive(s) not mapped
Compressed class space mapped at: 0x0000000800000000-0x0000000840000000, reserved size: 1073741824
Narrow klass base: 0x0000000800000000, Narrow klass shift: 0, Narrow klass range: 0x40000000

GC Precious Log:
 CPUs: 12 total, 12 available
 Memory: 15771M
 Large Page Support: Disabled
 NUMA Support: Disabled
 Compressed Oops: Enabled (Zero based)
 Heap Region Size: 2M
 Heap Min Capacity: 8M
 Heap Initial Capacity: 248M
 Heap Max Capacity: 3944M
 Pre-touch: Disabled
 Parallel Workers: 10
 Concurrent Workers: 3
 Concurrent Refinement Workers: 10
 Periodic GC: Disabled

Heap:
 garbage-first heap   total 253952K, used 24414K [0x0000000709800000, 0x0000000800000000)
  region size 2048K, 10 young (20480K), 2 survivors (4096K)
 Metaspace       used 16270K, committed 16512K, reserved 1114112K
  class space    used 1904K, committed 2048K, reserved 1048576K

Heap Regions: E=young(eden), S=young(survivor), O=old, HS=humongous(starts), HC=humongous(continues), CS=collection set, F=free, OA=open archive, CA=closed archive, TAMS=top-at-mark-start (previous, next)
|   0|0x0000000709800000, 0x0000000709a00000, 0x0000000709a00000|100%|HS|  |TAMS 0x0000000709800000, 0x0000000709800000| Complete 
|   1|0x0000000709a00000, 0x0000000709c00000, 0x0000000709c00000|100%|HC|  |TAMS 0x0000000709a00000, 0x0000000709a00000| Complete 
|   2|0x0000000709c00000, 0x0000000709dd7800, 0x0000000709e00000| 92%| O|  |TAMS 0x0000000709c00000, 0x0000000709c00000| Untracked 
|   3|0x0000000709e00000, 0x0000000709e00000, 0x000000070a000000|  0%| F|  |TAMS 0x0000000709e00000, 0x0000000709e00000| Untracked 
|   4|0x000000070a000000, 0x000000070a000000, 0x000000070a200000|  0%| F|  |TAMS 0x000000070a000000, 0x000000070a000000| Untracked 
|   5|0x000000070a200000, 0x000000070a200000, 0x000000070a400000|  0%| F|  |TAMS 0x000000070a200000, 0x000000070a200000| Untracked 
|   6|0x000000070a400000, 0x000000070a400000, 0x000000070a600000|  0%| F|  |TAMS 0x000000070a400000, 0x000000070a400000| Untracked 
|   7|0x000000070a600000, 0x000000070a600000, 0x000000070a800000|  0%| F|  |TAMS 0x000000070a600000, 0x000000070a600000| Untracked 
|   8|0x000000070a800000, 0x000000070a800000, 0x000000070aa00000|  0%| F|  |TAMS 0x000000070a800000, 0x000000070a800000| Untracked 
|   9|0x000000070aa00000, 0x000000070aa00000, 0x000000070ac00000|  0%| F|  |TAMS 0x000000070aa00000, 0x000000070aa00000| Untracked 
|  10|0x000000070ac00000, 0x000000070ac00000, 0x000000070ae00000|  0%| F|  |TAMS 0x000000070ac00000, 0x000000070ac00000| Untracked 
|  11|0x000000070ae00000, 0x000000070ae00000, 0x000000070b000000|  0%| F|  |TAMS 0x000000070ae00000, 0x000000070ae00000| Untracked 
|  12|0x000000070b000000, 0x000000070b000000, 0x000000070b200000|  0%| F|  |TAMS 0x000000070b000000, 0x000000070b000000| Untracked 
|  13|0x000000070b200000, 0x000000070b200000, 0x000000070b400000|  0%| F|  |TAMS 0x000000070b200000, 0x000000070b200000| Untracked 
|  14|0x000000070b400000, 0x000000070b400000, 0x000000070b600000|  0%| F|  |TAMS 0x000000070b400000, 0x000000070b400000| Untracked 
|  15|0x000000070b600000, 0x000000070b600000, 0x000000070b800000|  0%| F|  |TAMS 0x000000070b600000, 0x000000070b600000| Untracked 
|  16|0x000000070b800000, 0x000000070b800000, 0x000000070ba00000|  0%| F|  |TAMS 0x000000070b800000, 0x000000070b800000| Untracked 
|  17|0x000000070ba00000, 0x000000070ba00000, 0x000000070bc00000|  0%| F|  |TAMS 0x000000070ba00000, 0x000000070ba00000| Untracked 
|  18|0x000000070bc00000, 0x000000070bc00000, 0x000000070be00000|  0%| F|  |TAMS 0x000000070bc00000, 0x000000070bc00000| Untracked 
|  19|0x000000070be00000, 0x000000070be00000, 0x000000070c000000|  0%| F|  |TAMS 0x000000070be00000, 0x000000070be00000| Untracked 
|  20|0x000000070c000000, 0x000000070c000000, 0x000000070c200000|  0%| F|  |TAMS 0x000000070c000000, 0x000000070c000000| Untracked 
|  21|0x000000070c200000, 0x000000070c200000, 0x000000070c400000|  0%| F|  |TAMS 0x000000070c200000, 0x000000070c200000| Untracked 
|  22|0x000000070c400000, 0x000000070c400000, 0x000000070c600000|  0%| F|  |TAMS 0x000000070c400000, 0x000000070c400000| Untracked 
|  23|0x000000070c600000, 0x000000070c600000, 0x000000070c800000|  0%| F|  |TAMS 0x000000070c600000, 0x000000070c600000| Untracked 
|  24|0x000000070c800000, 0x000000070c800000, 0x000000070ca00000|  0%| F|  |TAMS 0x000000070c800000, 0x000000070c800000| Untracked 
|  25|0x000000070ca00000, 0x000000070ca00000, 0x000000070cc00000|  0%| F|  |TAMS 0x000000070ca00000, 0x000000070ca00000| Untracked 
|  26|0x000000070cc00000, 0x000000070cc00000, 0x000000070ce00000|  0%| F|  |TAMS 0x000000070cc00000, 0x000000070cc00000| Untracked 
|  27|0x000000070ce00000, 0x000000070ce00000, 0x000000070d000000|  0%| F|  |TAMS 0x000000070ce00000, 0x000000070ce00000| Untracked 
|  28|0x000000070d000000, 0x000000070d000000, 0x000000070d200000|  0%| F|  |TAMS 0x000000070d000000, 0x000000070d000000| Untracked 
|  29|0x000000070d200000, 0x000000070d200000, 0x000000070d400000|  0%| F|  |TAMS 0x000000070d200000, 0x000000070d200000| Untracked 
|  30|0x000000070d400000, 0x000000070d400000, 0x000000070d600000|  0%| F|  |TAMS 0x000000070d400000, 0x000000070d400000| Untracked 
|  31|0x000000070d600000, 0x000000070d600000, 0x000000070d800000|  0%| F|  |TAMS 0x000000070d600000, 0x000000070d600000| Untracked 
|  32|0x000000070d800000, 0x000000070d800000, 0x000000070da00000|  0%| F|  |TAMS 0x000000070d800000, 0x000000070d800000| Untracked 
|  33|0x000000070da00000, 0x000000070da00000, 0x000000070dc00000|  0%| F|  |TAMS 0x000000070da00000, 0x000000070da00000| Untracked 
|  34|0x000000070dc00000, 0x000000070dc00000, 0x000000070de00000|  0%| F|  |TAMS 0x000000070dc00000, 0x000000070dc00000| Untracked 
|  35|0x000000070de00000, 0x000000070de00000, 0x000000070e000000|  0%| F|  |TAMS 0x000000070de00000, 0x000000070de00000| Untracked 
|  36|0x000000070e000000, 0x000000070e000000, 0x000000070e200000|  0%| F|  |TAMS 0x000000070e000000, 0x000000070e000000| Untracked 
|  37|0x000000070e200000, 0x000000070e200000, 0x000000070e400000|  0%| F|  |TAMS 0x000000070e200000, 0x000000070e200000| Untracked 
|  38|0x000000070e400000, 0x000000070e400000, 0x000000070e600000|  0%| F|  |TAMS 0x000000070e400000, 0x000000070e400000| Untracked 
|  39|0x000000070e600000, 0x000000070e600000, 0x000000070e800000|  0%| F|  |TAMS 0x000000070e600000, 0x000000070e600000| Untracked 
|  40|0x000000070e800000, 0x000000070e800000, 0x000000070ea00000|  0%| F|  |TAMS 0x000000070e800000, 0x000000070e800000| Untracked 
|  41|0x000000070ea00000, 0x000000070ea00000, 0x000000070ec00000|  0%| F|  |TAMS 0x000000070ea00000, 0x000000070ea00000| Untracked 
|  42|0x000000070ec00000, 0x000000070ec00000, 0x000000070ee00000|  0%| F|  |TAMS 0x000000070ec00000, 0x000000070ec00000| Untracked 
|  43|0x000000070ee00000, 0x000000070ee00000, 0x000000070f000000|  0%| F|  |TAMS 0x000000070ee00000, 0x000000070ee00000| Untracked 
|  44|0x000000070f000000, 0x000000070f000000, 0x000000070f200000|  0%| F|  |TAMS 0x000000070f000000, 0x000000070f000000| Untracked 
|  45|0x000000070f200000, 0x000000070f200000, 0x000000070f400000|  0%| F|  |TAMS 0x000000070f200000, 0x000000070f200000| Untracked 
|  46|0x000000070f400000, 0x000000070f400000, 0x000000070f600000|  0%| F|  |TAMS 0x000000070f400000, 0x000000070f400000| Untracked 
|  47|0x000000070f600000, 0x000000070f600000, 0x000000070f800000|  0%| F|  |TAMS 0x000000070f600000, 0x000000070f600000| Untracked 
|  48|0x000000070f800000, 0x000000070f800000, 0x000000070fa00000|  0%| F|  |TAMS 0x000000070f800000, 0x000000070f800000| Untracked 
|  49|0x000000070fa00000, 0x000000070fa00000, 0x000000070fc00000|  0%| F|  |TAMS 0x000000070fa00000, 0x000000070fa00000| Untracked 
|  50|0x000000070fc00000, 0x000000070fc00000, 0x000000070fe00000|  0%| F|  |TAMS 0x000000070fc00000, 0x000000070fc00000| Untracked 
|  51|0x000000070fe00000, 0x000000070fe00000, 0x0000000710000000|  0%| F|  |TAMS 0x000000070fe00000, 0x000000070fe00000| Untracked 
|  52|0x0000000710000000, 0x0000000710000000, 0x0000000710200000|  0%| F|  |TAMS 0x0000000710000000, 0x0000000710000000| Untracked 
|  53|0x0000000710200000, 0x0000000710200000, 0x0000000710400000|  0%| F|  |TAMS 0x0000000710200000, 0x0000000710200000| Untracked 
|  54|0x0000000710400000, 0x0000000710400000, 0x0000000710600000|  0%| F|  |TAMS 0x0000000710400000, 0x0000000710400000| Untracked 
|  55|0x0000000710600000, 0x0000000710600000, 0x0000000710800000|  0%| F|  |TAMS 0x0000000710600000, 0x0000000710600000| Untracked 
|  56|0x0000000710800000, 0x0000000710800000, 0x0000000710a00000|  0%| F|  |TAMS 0x0000000710800000, 0x0000000710800000| Untracked 
|  57|0x0000000710a00000, 0x0000000710a00000, 0x0000000710c00000|  0%| F|  |TAMS 0x0000000710a00000, 0x0000000710a00000| Untracked 
|  58|0x0000000710c00000, 0x0000000710c00000, 0x0000000710e00000|  0%| F|  |TAMS 0x0000000710c00000, 0x0000000710c00000| Untracked 
|  59|0x0000000710e00000, 0x0000000710e00000, 0x0000000711000000|  0%| F|  |TAMS 0x0000000710e00000, 0x0000000710e00000| Untracked 
|  60|0x0000000711000000, 0x0000000711000000, 0x0000000711200000|  0%| F|  |TAMS 0x0000000711000000, 0x0000000711000000| Untracked 
|  61|0x0000000711200000, 0x0000000711200000, 0x0000000711400000|  0%| F|  |TAMS 0x0000000711200000, 0x0000000711200000| Untracked 
|  62|0x0000000711400000, 0x0000000711400000, 0x0000000711600000|  0%| F|  |TAMS 0x0000000711400000, 0x0000000711400000| Untracked 
|  63|0x0000000711600000, 0x0000000711600000, 0x0000000711800000|  0%| F|  |TAMS 0x0000000711600000, 0x0000000711600000| Untracked 
|  64|0x0000000711800000, 0x0000000711800000, 0x0000000711a00000|  0%| F|  |TAMS 0x0000000711800000, 0x0000000711800000| Untracked 
|  65|0x0000000711a00000, 0x0000000711a00000, 0x0000000711c00000|  0%| F|  |TAMS 0x0000000711a00000, 0x0000000711a00000| Untracked 
|  66|0x0000000711c00000, 0x0000000711c00000, 0x0000000711e00000|  0%| F|  |TAMS 0x0000000711c00000, 0x0000000711c00000| Untracked 
|  67|0x0000000711e00000, 0x0000000711e00000, 0x0000000712000000|  0%| F|  |TAMS 0x0000000711e00000, 0x0000000711e00000| Untracked 
|  68|0x0000000712000000, 0x0000000712000000, 0x0000000712200000|  0%| F|  |TAMS 0x0000000712000000, 0x0000000712000000| Untracked 
|  69|0x0000000712200000, 0x0000000712200000, 0x0000000712400000|  0%| F|  |TAMS 0x0000000712200000, 0x0000000712200000| Untracked 
|  70|0x0000000712400000, 0x0000000712400000, 0x0000000712600000|  0%| F|  |TAMS 0x0000000712400000, 0x0000000712400000| Untracked 
|  71|0x0000000712600000, 0x0000000712600000, 0x0000000712800000|  0%| F|  |TAMS 0x0000000712600000, 0x0000000712600000| Untracked 
|  72|0x0000000712800000, 0x0000000712800000, 0x0000000712a00000|  0%| F|  |TAMS 0x0000000712800000, 0x0000000712800000| Untracked 
|  73|0x0000000712a00000, 0x0000000712a00000, 0x0000000712c00000|  0%| F|  |TAMS 0x0000000712a00000, 0x0000000712a00000| Untracked 
|  74|0x0000000712c00000, 0x0000000712c00000, 0x0000000712e00000|  0%| F|  |TAMS 0x0000000712c00000, 0x0000000712c00000| Untracked 
|  75|0x0000000712e00000, 0x0000000712e00000, 0x0000000713000000|  0%| F|  |TAMS 0x0000000712e00000, 0x0000000712e00000| Untracked 
|  76|0x0000000713000000, 0x0000000713000000, 0x0000000713200000|  0%| F|  |TAMS 0x0000000713000000, 0x0000000713000000| Untracked 
|  77|0x0000000713200000, 0x0000000713200000, 0x0000000713400000|  0%| F|  |TAMS 0x0000000713200000, 0x0000000713200000| Untracked 
|  78|0x0000000713400000, 0x0000000713400000, 0x0000000713600000|  0%| F|  |TAMS 0x0000000713400000, 0x0000000713400000| Untracked 
|  79|0x0000000713600000, 0x0000000713600000, 0x0000000713800000|  0%| F|  |TAMS 0x0000000713600000, 0x0000000713600000| Untracked 
|  80|0x0000000713800000, 0x0000000713800000, 0x0000000713a00000|  0%| F|  |TAMS 0x0000000713800000, 0x0000000713800000| Untracked 
|  81|0x0000000713a00000, 0x0000000713a00000, 0x0000000713c00000|  0%| F|  |TAMS 0x0000000713a00000, 0x0000000713a00000| Untracked 
|  82|0x0000000713c00000, 0x0000000713c00000, 0x0000000713e00000|  0%| F|  |TAMS 0x0000000713c00000, 0x0000000713c00000| Untracked 
|  83|0x0000000713e00000, 0x0000000713e00000, 0x0000000714000000|  0%| F|  |TAMS 0x0000000713e00000, 0x0000000713e00000| Untracked 
|  84|0x0000000714000000, 0x0000000714000000, 0x0000000714200000|  0%| F|  |TAMS 0x0000000714000000, 0x0000000714000000| Untracked 
|  85|0x0000000714200000, 0x0000000714200000, 0x0000000714400000|  0%| F|  |TAMS 0x0000000714200000, 0x0000000714200000| Untracked 
|  86|0x0000000714400000, 0x0000000714400000, 0x0000000714600000|  0%| F|  |TAMS 0x0000000714400000, 0x0000000714400000| Untracked 
|  87|0x0000000714600000, 0x0000000714600000, 0x0000000714800000|  0%| F|  |TAMS 0x0000000714600000, 0x0000000714600000| Untracked 
|  88|0x0000000714800000, 0x0000000714800000, 0x0000000714a00000|  0%| F|  |TAMS 0x0000000714800000, 0x0000000714800000| Untracked 
|  89|0x0000000714a00000, 0x0000000714a00000, 0x0000000714c00000|  0%| F|  |TAMS 0x0000000714a00000, 0x0000000714a00000| Untracked 
|  90|0x0000000714c00000, 0x0000000714c00000, 0x0000000714e00000|  0%| F|  |TAMS 0x0000000714c00000, 0x0000000714c00000| Untracked 
|  91|0x0000000714e00000, 0x0000000714e00000, 0x0000000715000000|  0%| F|  |TAMS 0x0000000714e00000, 0x0000000714e00000| Untracked 
|  92|0x0000000715000000, 0x0000000715000000, 0x0000000715200000|  0%| F|  |TAMS 0x0000000715000000, 0x0000000715000000| Untracked 
|  93|0x0000000715200000, 0x0000000715200000, 0x0000000715400000|  0%| F|  |TAMS 0x0000000715200000, 0x0000000715200000| Untracked 
|  94|0x0000000715400000, 0x0000000715400000, 0x0000000715600000|  0%| F|  |TAMS 0x0000000715400000, 0x0000000715400000| Untracked 
|  95|0x0000000715600000, 0x0000000715600000, 0x0000000715800000|  0%| F|  |TAMS 0x0000000715600000, 0x0000000715600000| Untracked 
|  96|0x0000000715800000, 0x0000000715800000, 0x0000000715a00000|  0%| F|  |TAMS 0x0000000715800000, 0x0000000715800000| Untracked 
|  97|0x0000000715a00000, 0x0000000715a00000, 0x0000000715c00000|  0%| F|  |TAMS 0x0000000715a00000, 0x0000000715a00000| Untracked 
|  98|0x0000000715c00000, 0x0000000715c00000, 0x0000000715e00000|  0%| F|  |TAMS 0x0000000715c00000, 0x0000000715c00000| Untracked 
|  99|0x0000000715e00000, 0x0000000715e00000, 0x0000000716000000|  0%| F|  |TAMS 0x0000000715e00000, 0x0000000715e00000| Untracked 
| 100|0x0000000716000000, 0x0000000716000000, 0x0000000716200000|  0%| F|  |TAMS 0x0000000716000000, 0x0000000716000000| Untracked 
| 101|0x0000000716200000, 0x0000000716200000, 0x0000000716400000|  0%| F|  |TAMS 0x0000000716200000, 0x0000000716200000| Untracked 
| 102|0x0000000716400000, 0x0000000716400000, 0x0000000716600000|  0%| F|  |TAMS 0x0000000716400000, 0x0000000716400000| Untracked 
| 103|0x0000000716600000, 0x0000000716600000, 0x0000000716800000|  0%| F|  |TAMS 0x0000000716600000, 0x0000000716600000| Untracked 
| 104|0x0000000716800000, 0x0000000716800000, 0x0000000716a00000|  0%| F|  |TAMS 0x0000000716800000, 0x0000000716800000| Untracked 
| 105|0x0000000716a00000, 0x0000000716a00000, 0x0000000716c00000|  0%| F|  |TAMS 0x0000000716a00000, 0x0000000716a00000| Untracked 
| 106|0x0000000716c00000, 0x0000000716c00000, 0x0000000716e00000|  0%| F|  |TAMS 0x0000000716c00000, 0x0000000716c00000| Untracked 
| 107|0x0000000716e00000, 0x0000000716e00000, 0x0000000717000000|  0%| F|  |TAMS 0x0000000716e00000, 0x0000000716e00000| Untracked 
| 108|0x0000000717000000, 0x0000000717000000, 0x0000000717200000|  0%| F|  |TAMS 0x0000000717000000, 0x0000000717000000| Untracked 
| 109|0x0000000717200000, 0x0000000717200000, 0x0000000717400000|  0%| F|  |TAMS 0x0000000717200000, 0x0000000717200000| Untracked 
| 110|0x0000000717400000, 0x0000000717400000, 0x0000000717600000|  0%| F|  |TAMS 0x0000000717400000, 0x0000000717400000| Untracked 
| 111|0x0000000717600000, 0x0000000717800000, 0x0000000717800000|100%| S|CS|TAMS 0x0000000717600000, 0x0000000717600000| Complete 
| 112|0x0000000717800000, 0x0000000717a00000, 0x0000000717a00000|100%| S|CS|TAMS 0x0000000717800000, 0x0000000717800000| Complete 
| 113|0x0000000717a00000, 0x0000000717a00000, 0x0000000717c00000|  0%| F|  |TAMS 0x0000000717a00000, 0x0000000717a00000| Untracked 
| 114|0x0000000717c00000, 0x0000000717c00000, 0x0000000717e00000|  0%| F|  |TAMS 0x0000000717c00000, 0x0000000717c00000| Untracked 
| 115|0x0000000717e00000, 0x0000000717e00000, 0x0000000718000000|  0%| F|  |TAMS 0x0000000717e00000, 0x0000000717e00000| Untracked 
| 116|0x0000000718000000, 0x00000007180b8dd8, 0x0000000718200000| 36%| E|  |TAMS 0x0000000718000000, 0x0000000718000000| Complete 
| 117|0x0000000718200000, 0x0000000718400000, 0x0000000718400000|100%| E|CS|TAMS 0x0000000718200000, 0x0000000718200000| Complete 
| 118|0x0000000718400000, 0x0000000718600000, 0x0000000718600000|100%| E|CS|TAMS 0x0000000718400000, 0x0000000718400000| Complete 
| 119|0x0000000718600000, 0x0000000718800000, 0x0000000718800000|100%| E|CS|TAMS 0x0000000718600000, 0x0000000718600000| Complete 
| 120|0x0000000718800000, 0x0000000718a00000, 0x0000000718a00000|100%| E|CS|TAMS 0x0000000718800000, 0x0000000718800000| Complete 
| 121|0x0000000718a00000, 0x0000000718c00000, 0x0000000718c00000|100%| E|CS|TAMS 0x0000000718a00000, 0x0000000718a00000| Complete 
| 122|0x0000000718c00000, 0x0000000718e00000, 0x0000000718e00000|100%| E|CS|TAMS 0x0000000718c00000, 0x0000000718c00000| Complete 
| 123|0x0000000718e00000, 0x0000000719000000, 0x0000000719000000|100%| E|CS|TAMS 0x0000000718e00000, 0x0000000718e00000| Complete 

Card table byte_map: [0x0000027f43050000,0x0000027f43810000] _byte_map_base: 0x0000027f3f804000

Marking Bits (Prev, Next): (CMBitMap*) 0x0000027f2dfabba0, (CMBitMap*) 0x0000027f2dfabbe0
 Prev Bits: [0x0000027f43fd0000, 0x0000027f47d70000)
 Next Bits: [0x0000027f47d70000, 0x0000027f4bb10000)

Polling page: 0x0000027f2dff0000

Metaspace:

Usage:
  Non-class:     14.03 MB used.
      Class:      1.86 MB used.
       Both:     15.89 MB used.

Virtual space:
  Non-class space:       64.00 MB reserved,      14.12 MB ( 22%) committed,  1 nodes.
      Class space:        1.00 GB reserved,       2.00 MB ( <1%) committed,  1 nodes.
             Both:        1.06 GB reserved,      16.12 MB (  1%) committed. 

Chunk freelists:
   Non-Class:  1005.00 KB
       Class:  14.04 MB
        Both:  15.02 MB

MaxMetaspaceSize: unlimited
CompressedClassSpaceSize: 1.00 GB
Initial GC threshold: 21.00 MB
Current GC threshold: 21.00 MB
CDS: off
MetaspaceReclaimPolicy: balanced
 - commit_granule_bytes: 65536.
 - commit_granule_words: 8192.
 - virtual_space_node_default_size: 8388608.
 - enlarge_chunks_in_place: 1.
 - new_chunks_are_fully_committed: 0.
 - uncommit_free_chunks: 1.
 - use_allocation_guard: 0.
 - handle_deallocations: 1.


Internal statistics:

num_allocs_failed_limit: 0.
num_arena_births: 76.
num_arena_deaths: 0.
num_vsnodes_births: 2.
num_vsnodes_deaths: 0.
num_space_committed: 258.
num_space_uncommitted: 0.
num_chunks_returned_to_freelist: 0.
num_chunks_taken_from_freelist: 301.
num_chunk_merges: 0.
num_chunk_splits: 201.
num_chunks_enlarged: 162.
num_inconsistent_stats: 0.

CodeHeap 'non-profiled nmethods': size=120000Kb used=487Kb max_used=487Kb free=119512Kb
 bounds [0x0000027f3a6e0000, 0x0000027f3a950000, 0x0000027f41c10000]
CodeHeap 'profiled nmethods': size=120000Kb used=2180Kb max_used=2180Kb free=117819Kb
 bounds [0x0000027f32c10000, 0x0000027f32e80000, 0x0000027f3a140000]
CodeHeap 'non-nmethods': size=5760Kb used=1163Kb max_used=1179Kb free=4596Kb
 bounds [0x0000027f3a140000, 0x0000027f3a3b0000, 0x0000027f3a6e0000]
 total_blobs=1653 nmethods=1194 adapters=372
 compilation: enabled
              stopped_count=0, restarted_count=0
 full_count=0

Compilation events (20 events):
Event: 1.452 Thread 0x0000027f4ea24980 nmethod 1185 0x0000027f3a759610 code [0x0000027f3a7597a0, 0x0000027f3a759878]
Event: 1.452 Thread 0x0000027f4ea24980 1186       3       java.util.ArrayList::isEmpty (13 bytes)
Event: 1.452 Thread 0x0000027f4ea24980 nmethod 1186 0x0000027f32e2f190 code [0x0000027f32e2f320, 0x0000027f32e2f498]
Event: 2.549 Thread 0x0000027f4ea24980 1187       1       java.util.concurrent.atomic.AtomicInteger::get (5 bytes)
Event: 2.549 Thread 0x0000027f4ea24980 nmethod 1187 0x0000027f3a759910 code [0x0000027f3a759aa0, 0x0000027f3a759b78]
Event: 5.052 Thread 0x0000027f4ea24980 1189       3       java.util.concurrent.locks.AbstractQueuedSynchronizer::release (19 bytes)
Event: 5.052 Thread 0x0000027f4ea24980 nmethod 1189 0x0000027f32e2f510 code [0x0000027f32e2f700, 0x0000027f32e2fb88]
Event: 5.052 Thread 0x0000027f4ea24980 1188       3       java.util.concurrent.locks.AbstractQueuedSynchronizer::compareAndSetState (13 bytes)
Event: 5.052 Thread 0x0000027f4ea24980 nmethod 1188 0x0000027f32e2fd10 code [0x0000027f32e2fea0, 0x0000027f32e2ffd8]
Event: 5.549 Thread 0x0000027f4ea24980 1190       3       java.util.concurrent.ThreadPoolExecutor::runStateAtLeast (11 bytes)
Event: 5.549 Thread 0x0000027f4ea24980 nmethod 1190 0x0000027f32e30090 code [0x0000027f32e30220, 0x0000027f32e30378]
Event: 6.552 Thread 0x0000027f4ea24980 1191       3       java.util.concurrent.locks.ReentrantLock$Sync::tryRelease (51 bytes)
Event: 6.552 Thread 0x0000027f4ea24980 nmethod 1191 0x0000027f32e30410 code [0x0000027f32e305c0, 0x0000027f32e30928]
Event: 8.446 Thread 0x0000027f4ea24980 1192       3       java.util.LinkedHashMap$LinkedHashIterator::<init> (31 bytes)
Event: 8.447 Thread 0x0000027f4ea24980 nmethod 1192 0x0000027f32e30a10 code [0x0000027f32e30bc0, 0x0000027f32e30e38]
Event: 8.852 Thread 0x0000027f4ea24980 1193       1       org.gradle.internal.logging.text.AbstractLineChoppingStyledTextOutput$SeenFromEol::size (5 bytes)
Event: 8.852 Thread 0x0000027f4ea24980 nmethod 1193 0x0000027f3a759c10 code [0x0000027f3a759da0, 0x0000027f3a759e78]
Event: 9.056 Thread 0x0000027f4ea24980 1194       3       java.util.concurrent.ThreadPoolExecutor::isShutdown (12 bytes)
Event: 9.057 Thread 0x0000027f4ea24980 nmethod 1194 0x0000027f32e30f10 code [0x0000027f32e310c0, 0x0000027f32e312b8]
Event: 9.057 Thread 0x0000027f4ea24980 1195       3       java.util.concurrent.ScheduledThreadPoolExecutor::canRunInCurrentRunState (61 bytes)

GC Heap History (2 events):
Event: 0.520 GC heap before
{Heap before GC invocations=0 (full 0):
 garbage-first heap   total 253952K, used 24576K [0x0000000709800000, 0x0000000800000000)
  region size 2048K, 11 young (22528K), 0 survivors (0K)
 Metaspace       used 11073K, committed 11264K, reserved 1114112K
  class space    used 1150K, committed 1216K, reserved 1048576K
}
Event: 0.523 GC heap after
{Heap after GC invocations=1 (full 0):
 garbage-first heap   total 253952K, used 10078K [0x0000000709800000, 0x0000000800000000)
  region size 2048K, 2 young (4096K), 2 survivors (4096K)
 Metaspace       used 11073K, committed 11264K, reserved 1114112K
  class space    used 1150K, committed 1216K, reserved 1048576K
}

Dll operation events (2 events):
Event: 0.005 Loaded shared library C:\Program Files\Android\Android Studio\jbr\bin\java.dll
Event: 0.086 Loaded shared library C:\Program Files\Android\Android Studio\jbr\bin\verify.dll

Deoptimization events (20 events):
Event: 0.742 Thread 0x0000027f2df41e70 Uncommon trap: trap_request=0xffffff45 fr.pc=0x0000027f3a732148 relative=0x00000000000001a8
Event: 0.742 Thread 0x0000027f2df41e70 Uncommon trap: reason=unstable_if action=reinterpret pc=0x0000027f3a732148 method=java.lang.String.lastIndexOf(II)I @ 4 c2
Event: 0.742 Thread 0x0000027f2df41e70 DEOPT PACKING pc=0x0000027f3a732148 sp=0x000000f0f0cfbc40
Event: 0.742 Thread 0x0000027f2df41e70 DEOPT UNPACKING pc=0x0000027f3a1969a3 sp=0x000000f0f0cfbb70 mode 2
Event: 0.742 Thread 0x0000027f2df41e70 Uncommon trap: trap_request=0xffffff45 fr.pc=0x0000027f3a72592c relative=0x00000000000004ec
Event: 0.742 Thread 0x0000027f2df41e70 Uncommon trap: reason=unstable_if action=reinterpret pc=0x0000027f3a72592c method=java.lang.AbstractStringBuilder.putStringAt(ILjava/lang/String;II)V @ 8 c2
Event: 0.742 Thread 0x0000027f2df41e70 DEOPT PACKING pc=0x0000027f3a72592c sp=0x000000f0f0cfba60
Event: 0.742 Thread 0x0000027f2df41e70 DEOPT UNPACKING pc=0x0000027f3a1969a3 sp=0x000000f0f0cfb950 mode 2
Event: 0.742 Thread 0x0000027f2df41e70 Uncommon trap: trap_request=0xffffff45 fr.pc=0x0000027f3a7261cc relative=0x00000000000001ac
Event: 0.742 Thread 0x0000027f2df41e70 Uncommon trap: reason=unstable_if action=reinterpret pc=0x0000027f3a7261cc method=java.lang.String.lastIndexOf(II)I @ 4 c2
Event: 0.742 Thread 0x0000027f2df41e70 DEOPT PACKING pc=0x0000027f3a7261cc sp=0x000000f0f0cfbbd0
Event: 0.742 Thread 0x0000027f2df41e70 DEOPT UNPACKING pc=0x0000027f3a1969a3 sp=0x000000f0f0cfbb70 mode 2
Event: 0.742 Thread 0x0000027f2df41e70 Uncommon trap: trap_request=0xffffff45 fr.pc=0x0000027f3a725054 relative=0x0000000000000134
Event: 0.742 Thread 0x0000027f2df41e70 Uncommon trap: reason=unstable_if action=reinterpret pc=0x0000027f3a725054 method=java.lang.AbstractStringBuilder.putStringAt(ILjava/lang/String;II)V @ 8 c2
Event: 0.742 Thread 0x0000027f2df41e70 DEOPT PACKING pc=0x0000027f3a725054 sp=0x000000f0f0cfba10
Event: 0.742 Thread 0x0000027f2df41e70 DEOPT UNPACKING pc=0x0000027f3a1969a3 sp=0x000000f0f0cfb958 mode 2
Event: 0.918 Thread 0x0000027f2df41e70 Uncommon trap: trap_request=0xffffff45 fr.pc=0x0000027f3a716944 relative=0x0000000000001024
Event: 0.918 Thread 0x0000027f2df41e70 Uncommon trap: reason=unstable_if action=reinterpret pc=0x0000027f3a716944 method=java.util.HashMap.putVal(ILjava/lang/Object;Ljava/lang/Object;ZZ)Ljava/lang/Object; @ 162 c2
Event: 0.918 Thread 0x0000027f2df41e70 DEOPT PACKING pc=0x0000027f3a716944 sp=0x000000f0f0cfa990
Event: 0.918 Thread 0x0000027f2df41e70 DEOPT UNPACKING pc=0x0000027f3a1969a3 sp=0x000000f0f0cfa8c8 mode 2

Classes unloaded (0 events):
No events

Classes redefined (0 events):
No events

Internal exceptions (16 events):
Event: 0.173 Thread 0x0000027f2df41e70 Exception <a 'java/lang/NoSuchMethodError'{0x0000000718d84b28}: 'int java.lang.invoke.DirectMethodHandle$Holder.invokeStaticInit(java.lang.Object, java.lang.Object)'> (0x0000000718d84b28) 
thrown [s\src\hotspot\share\interpreter\linkResolver.cpp, line 771]
Event: 0.488 Thread 0x0000027f2df41e70 Exception <a 'java/lang/NoSuchMethodError'{0x0000000717aa2750}: 'void java.lang.invoke.DirectMethodHandle$Holder.invokeStatic(java.lang.Object, java.lang.Object)'> (0x0000000717aa2750) 
thrown [s\src\hotspot\share\interpreter\linkResolver.cpp, line 771]
Event: 0.506 Thread 0x0000027f2df41e70 Exception <a 'java/lang/NoClassDefFoundError'{0x0000000717b2afe0}: org/slf4j/impl/StaticMarkerBinder> (0x0000000717b2afe0) 
thrown [s\src\hotspot\share\classfile\systemDictionary.cpp, line 245]
Event: 0.514 Thread 0x0000027f2df41e70 Exception <a 'java/lang/NoSuchMethodError'{0x0000000717bc6df0}: 'java.lang.Object java.lang.invoke.DirectMethodHandle$Holder.invokeVirtual(java.lang.Object, java.lang.Object, java.lang.Object, java.lang.Object, java.lang.Object, java.lang.Object, java.lang.Object)'> (0x0000000717bc6df0) 
thrown [s\src\hotspot\share\interpreter\linkResolver.cpp, line 771]
Event: 0.516 Thread 0x0000027f2df41e70 Exception <a 'java/lang/NoSuchMethodError'{0x0000000717bd83f0}: 'java.lang.Object java.lang.invoke.Invokers$Holder.invoker(java.lang.Object, java.lang.Object, java.lang.Object)'> (0x0000000717bd83f0) 
thrown [s\src\hotspot\share\interpreter\linkResolver.cpp, line 771]
Event: 0.518 Thread 0x0000027f2df41e70 Exception <a 'java/lang/NoSuchMethodError'{0x0000000717be1498}: 'java.lang.Object java.lang.invoke.DirectMethodHandle$Holder.invokeStatic(java.lang.Object, java.lang.Object, int)'> (0x0000000717be1498) 
thrown [s\src\hotspot\share\interpreter\linkResolver.cpp, line 771]
Event: 0.519 Thread 0x0000027f2df41e70 Exception <a 'java/lang/NoSuchMethodError'{0x0000000717bed188}: 'void java.lang.invoke.DelegatingMethodHandle$Holder.delegate(java.lang.Object, java.lang.Object, int, java.lang.Object)'> (0x0000000717bed188) 
thrown [s\src\hotspot\share\interpreter\linkResolver.cpp, line 771]
Event: 0.519 Thread 0x0000027f2df41e70 Exception <a 'java/lang/NoSuchMethodError'{0x0000000717bf12d0}: 'int java.lang.invoke.DirectMethodHandle$Holder.invokeSpecial(java.lang.Object, java.lang.Object, java.lang.Object)'> (0x0000000717bf12d0) 
thrown [s\src\hotspot\share\interpreter\linkResolver.cpp, line 771]
Event: 0.524 Thread 0x0000027f2df41e70 Exception <a 'java/lang/NoSuchMethodError'{0x0000000718e04920}: 'java.lang.Object java.lang.invoke.Invokers$Holder.invokeExact_MT(java.lang.Object, java.lang.Object, java.lang.Object, java.lang.Object)'> (0x0000000718e04920) 
thrown [s\src\hotspot\share\interpreter\linkResolver.cpp, line 771]
Event: 0.590 Thread 0x0000027f2df41e70 Exception <a 'java/lang/NoSuchMethodError'{0x0000000718a9cd10}: 'void java.lang.invoke.DirectMethodHandle$Holder.invokeSpecial(java.lang.Object, java.lang.Object, java.lang.Object)'> (0x0000000718a9cd10) 
thrown [s\src\hotspot\share\interpreter\linkResolver.cpp, line 771]
Event: 0.599 Thread 0x0000027f2df41e70 Implicit null exception at 0x0000027f3a72d78f to 0x0000027f3a72dbec
Event: 0.599 Thread 0x0000027f2df41e70 Implicit null exception at 0x0000027f3a71e00f to 0x0000027f3a71e434
Event: 0.612 Thread 0x0000027f2df41e70 Exception <a 'java/lang/NoSuchMethodError'{0x000000071883d2e0}: 'java.lang.Object java.lang.invoke.DirectMethodHandle$Holder.invokeStaticInit(java.lang.Object)'> (0x000000071883d2e0) 
thrown [s\src\hotspot\share\interpreter\linkResolver.cpp, line 771]
Event: 0.691 Thread 0x0000027f2df41e70 Exception <a 'java/lang/NoSuchMethodError'{0x0000000718446fb8}: 'java.lang.Object java.lang.invoke.DirectMethodHandle$Holder.invokeStaticInit(java.lang.Object, int, int, int, int)'> (0x0000000718446fb8) 
thrown [s\src\hotspot\share\interpreter\linkResolver.cpp, line 771]
Event: 0.751 Thread 0x0000027f2df41e70 Exception <a 'java/lang/NoSuchMethodError'{0x00000007185226f0}: 'java.lang.Object java.lang.invoke.DirectMethodHandle$Holder.invokeStaticInit(java.lang.Object, java.lang.Object, int, int, int, int)'> (0x00000007185226f0) 
thrown [s\src\hotspot\share\interpreter\linkResolver.cpp, line 771]
Event: 0.882 Thread 0x0000027f2df41e70 Exception <a 'java/lang/NoSuchMethodError'{0x00000007185508e0}: 'void java.lang.invoke.DirectMethodHandle$Holder.invokeStatic(java.lang.Object, java.lang.Object, java.lang.Object)'> (0x00000007185508e0) 
thrown [s\src\hotspot\share\interpreter\linkResolver.cpp, line 771]

VM Operations (14 events):
Event: 0.083 Executing VM operation: HandshakeAllThreads
Event: 0.083 Executing VM operation: HandshakeAllThreads done
Event: 0.517 Executing VM operation: HandshakeAllThreads
Event: 0.517 Executing VM operation: HandshakeAllThreads done
Event: 0.520 Executing VM operation: G1CollectForAllocation
Event: 0.523 Executing VM operation: G1CollectForAllocation done
Event: 0.661 Executing VM operation: HandshakeAllThreads
Event: 0.661 Executing VM operation: HandshakeAllThreads done
Event: 0.741 Executing VM operation: HandshakeAllThreads
Event: 0.741 Executing VM operation: HandshakeAllThreads done
Event: 1.750 Executing VM operation: Cleanup
Event: 1.750 Executing VM operation: Cleanup done
Event: 5.785 Executing VM operation: Cleanup
Event: 5.785 Executing VM operation: Cleanup done

Events (20 events):
Event: 1.015 loading class jdk/internal/reflect/ByteVectorFactory
Event: 1.015 loading class jdk/internal/reflect/ByteVectorFactory done
Event: 1.015 loading class jdk/internal/reflect/ByteVectorImpl
Event: 1.015 loading class jdk/internal/reflect/ByteVector
Event: 1.015 loading class jdk/internal/reflect/ByteVector done
Event: 1.015 loading class jdk/internal/reflect/ByteVectorImpl done
Event: 1.015 loading class jdk/internal/reflect/ClassFileAssembler
Event: 1.016 loading class jdk/internal/reflect/ClassFileAssembler done
Event: 1.016 loading class jdk/internal/reflect/UTF8
Event: 1.016 loading class jdk/internal/reflect/UTF8 done
Event: 1.016 loading class jdk/internal/reflect/Label
Event: 1.016 loading class jdk/internal/reflect/Label done
Event: 1.016 loading class jdk/internal/reflect/Label$PatchInfo
Event: 1.016 loading class jdk/internal/reflect/Label$PatchInfo done
Event: 1.016 loading class jdk/internal/reflect/MethodAccessorGenerator$1
Event: 1.016 loading class jdk/internal/reflect/MethodAccessorGenerator$1 done
Event: 1.016 loading class jdk/internal/reflect/ClassDefiner
Event: 1.016 loading class jdk/internal/reflect/ClassDefiner done
Event: 1.016 loading class jdk/internal/reflect/ClassDefiner$1
Event: 1.016 loading class jdk/internal/reflect/ClassDefiner$1 done


Dynamic libraries:
0x00007ff6e50c0000 - 0x00007ff6e50ca000 	C:\Program Files\Android\Android Studio\jbr\bin\java.exe
0x00007ff809310000 - 0x00007ff809527000 	C:\WINDOWS\SYSTEM32\ntdll.dll
0x00007ff807fe0000 - 0x00007ff8080a4000 	C:\WINDOWS\System32\KERNEL32.DLL
0x00007ff806c70000 - 0x00007ff80701d000 	C:\WINDOWS\System32\KERNELBASE.dll
0x00007ff806aa0000 - 0x00007ff806bb1000 	C:\WINDOWS\System32\ucrtbase.dll
0x00007ffffbfe0000 - 0x00007ffffbff7000 	C:\Program Files\Android\Android Studio\jbr\bin\jli.dll
0x00007ffffb970000 - 0x00007ffffb98b000 	C:\Program Files\Android\Android Studio\jbr\bin\VCRUNTIME140.dll
0x00007ff8076d0000 - 0x00007ff80787e000 	C:\WINDOWS\System32\USER32.dll
0x00007fffeb790000 - 0x00007fffeba23000 	C:\WINDOWS\WinSxS\amd64_microsoft.windows.common-controls_6595b64144ccf1df_6.0.22621.3672_none_2713b9d173822955\COMCTL32.dll
0x00007ff806c40000 - 0x00007ff806c66000 	C:\WINDOWS\System32\win32u.dll
0x00007ff809030000 - 0x00007ff809059000 	C:\WINDOWS\System32\GDI32.dll
0x00007ff8082d0000 - 0x00007ff808377000 	C:\WINDOWS\System32\msvcrt.dll
0x00007ff8068c0000 - 0x00007ff8069d9000 	C:\WINDOWS\System32\gdi32full.dll
0x00007ff806820000 - 0x00007ff8068ba000 	C:\WINDOWS\System32\msvcp_win.dll
0x00007ff809060000 - 0x00007ff809091000 	C:\WINDOWS\System32\IMM32.DLL
0x00007ff800020000 - 0x00007ff80002c000 	C:\Program Files\Android\Android Studio\jbr\bin\vcruntime140_1.dll
0x00007fff832c0000 - 0x00007fff8334d000 	C:\Program Files\Android\Android Studio\jbr\bin\msvcp140.dll
0x00007fff6ebd0000 - 0x00007fff6f853000 	C:\Program Files\Android\Android Studio\jbr\bin\server\jvm.dll
0x00007ff807c80000 - 0x00007ff807d32000 	C:\WINDOWS\System32\ADVAPI32.dll
0x00007ff808220000 - 0x00007ff8082c9000 	C:\WINDOWS\System32\sechost.dll
0x00007ff807020000 - 0x00007ff807048000 	C:\WINDOWS\System32\bcrypt.dll
0x00007ff807950000 - 0x00007ff807a64000 	C:\WINDOWS\System32\RPCRT4.dll
0x00007ff806350000 - 0x00007ff80639d000 	C:\WINDOWS\SYSTEM32\POWRPROF.dll
0x00007ffffb840000 - 0x00007ffffb849000 	C:\WINDOWS\SYSTEM32\WSOCK32.dll
0x00007ff801590000 - 0x00007ff8015c4000 	C:\WINDOWS\SYSTEM32\WINMM.dll
0x00007ffffbd20000 - 0x00007ffffbd2a000 	C:\WINDOWS\SYSTEM32\VERSION.dll
0x00007ff807aa0000 - 0x00007ff807b11000 	C:\WINDOWS\System32\WS2_32.dll
0x00007ff806330000 - 0x00007ff806343000 	C:\WINDOWS\SYSTEM32\UMPDC.dll
0x00007ff805670000 - 0x00007ff805688000 	C:\WINDOWS\SYSTEM32\kernel.appcore.dll
0x00007ffffb830000 - 0x00007ffffb83a000 	C:\Program Files\Android\Android Studio\jbr\bin\jimage.dll
0x00007ffffb9d0000 - 0x00007ffffbc02000 	C:\WINDOWS\SYSTEM32\DBGHELP.DLL
0x00007ff808ca0000 - 0x00007ff809028000 	C:\WINDOWS\System32\combase.dll
0x00007ff807d40000 - 0x00007ff807e17000 	C:\WINDOWS\System32\OLEAUT32.dll
0x00007ffffbf80000 - 0x00007ffffbfb2000 	C:\WINDOWS\SYSTEM32\dbgcore.DLL
0x00007ff806bc0000 - 0x00007ff806c3b000 	C:\WINDOWS\System32\bcryptPrimitives.dll
0x00007fff84cf0000 - 0x00007fff84d15000 	C:\Program Files\Android\Android Studio\jbr\bin\java.dll
0x00007fffceb10000 - 0x00007fffceb28000 	C:\Program Files\Android\Android Studio\jbr\bin\zip.dll
0x00007ff808430000 - 0x00007ff808c8f000 	C:\WINDOWS\System32\SHELL32.dll
0x00007ff804590000 - 0x00007ff804e8c000 	C:\WINDOWS\SYSTEM32\windows.storage.dll
0x00007ff804450000 - 0x00007ff80458f000 	C:\WINDOWS\SYSTEM32\wintypes.dll
0x00007ff8075d0000 - 0x00007ff8076c4000 	C:\WINDOWS\System32\SHCORE.dll
0x00007ff808100000 - 0x00007ff80815e000 	C:\WINDOWS\System32\shlwapi.dll
0x00007ff806570000 - 0x00007ff806591000 	C:\WINDOWS\SYSTEM32\profapi.dll
0x00007fff83740000 - 0x00007fff83759000 	C:\Program Files\Android\Android Studio\jbr\bin\net.dll
0x00007ff801cd0000 - 0x00007ff801e06000 	C:\WINDOWS\SYSTEM32\WINHTTP.dll
0x00007ff805ae0000 - 0x00007ff805b49000 	C:\WINDOWS\system32\mswsock.dll
0x00007fff83720000 - 0x00007fff83736000 	C:\Program Files\Android\Android Studio\jbr\bin\nio.dll
0x00007fff925a0000 - 0x00007fff925b0000 	C:\Program Files\Android\Android Studio\jbr\bin\verify.dll
0x00007fff83230000 - 0x00007fff83257000 	C:\Users\busez\.gradle\native\c067742578af261105cb4f569cf0c3c89f3d7b1fecec35dd04571415982c5e48\windows-amd64\native-platform.dll
0x00007fffd89b0000 - 0x00007fffd89b9000 	C:\Program Files\Android\Android Studio\jbr\bin\management.dll
0x00007fffd89a0000 - 0x00007fffd89ab000 	C:\Program Files\Android\Android Studio\jbr\bin\management_ext.dll
0x00007ff807a70000 - 0x00007ff807a78000 	C:\WINDOWS\System32\PSAPI.DLL
0x00007ff805d50000 - 0x00007ff805d6b000 	C:\WINDOWS\SYSTEM32\CRYPTSP.dll
0x00007ff8055d0000 - 0x00007ff805605000 	C:\WINDOWS\system32\rsaenh.dll
0x00007ff805be0000 - 0x00007ff805c08000 	C:\WINDOWS\SYSTEM32\USERENV.dll
0x00007ff805d40000 - 0x00007ff805d4c000 	C:\WINDOWS\SYSTEM32\CRYPTBASE.dll
0x00007ff8050f0000 - 0x00007ff80511d000 	C:\WINDOWS\SYSTEM32\IPHLPAPI.DLL
0x00007ff808210000 - 0x00007ff808219000 	C:\WINDOWS\System32\NSI.dll
0x00007ff801a00000 - 0x00007ff801a19000 	C:\WINDOWS\SYSTEM32\dhcpcsvc6.DLL
0x00007ff8018c0000 - 0x00007ff8018df000 	C:\WINDOWS\SYSTEM32\dhcpcsvc.DLL
0x00007ff805160000 - 0x00007ff805258000 	C:\WINDOWS\SYSTEM32\DNSAPI.dll
0x00007fffd8990000 - 0x00007fffd8999000 	C:\Program Files\Android\Android Studio\jbr\bin\extnet.dll
0x00007fffca130000 - 0x00007fffca138000 	C:\WINDOWS\system32\wshunix.dll

dbghelp: loaded successfully - version: 4.0.5 - missing functions: none
symbol engine: initialized successfully - sym options: 0x614 - pdb path: .;C:\Program Files\Android\Android Studio\jbr\bin;C:\WINDOWS\SYSTEM32;C:\WINDOWS\WinSxS\amd64_microsoft.windows.common-controls_6595b64144ccf1df_6.0.22621.3672_none_2713b9d173822955;C:\Program Files\Android\Android Studio\jbr\bin\server;C:\Users\busez\.gradle\native\c067742578af261105cb4f569cf0c3c89f3d7b1fecec35dd04571415982c5e48\windows-amd64

VM Arguments:
jvm_args: -Dorg.gradle.appname=gradlew 
java_command: org.gradle.wrapper.GradleWrapperMain -q -Ptarget-platform=android-x86 -Ptarget=C:\Users\busez\netflix_clone\lib\main.dart -Pbase-application-name=android.app.Application -Pdart-defines=RkxVVFRFUl9XRUJfQ0FOVkFTS0lUX1VSTD1odHRwczovL3d3dy5nc3RhdGljLmNvbS9mbHV0dGVyLWNhbnZhc2tpdC8yMzVkYjkxMWJhMjc5NzIyZjVlNjg1ZjM4YjBlZDMwZmE3ZTg1NzBhLw== -Pdart-obfuscation=false -Ptrack-widget-creation=true -Ptree-shake-icons=false -Pfilesystem-scheme=org-dartlang-root assembleDebug
java_class_path (initial): C:\Users\busez\netflix_clone\android\\gradle\wrapper\gradle-wrapper.jar
Launcher Type: SUN_STANDARD

[Global flags]
     intx CICompilerCount                          = 4                                         {product} {ergonomic}
     uint ConcGCThreads                            = 3                                         {product} {ergonomic}
     uint G1ConcRefinementThreads                  = 10                                        {product} {ergonomic}
   size_t G1HeapRegionSize                         = 2097152                                   {product} {ergonomic}
    uintx GCDrainStackTargetSize                   = 64                                        {product} {ergonomic}
   size_t InitialHeapSize                          = 260046848                                 {product} {ergonomic}
   size_t MarkStackSize                            = 4194304                                   {product} {ergonomic}
   size_t MaxHeapSize                              = 4135583744                                {product} {ergonomic}
   size_t MaxNewSize                               = 2480930816                                {product} {ergonomic}
   size_t MinHeapDeltaBytes                        = 2097152                                   {product} {ergonomic}
   size_t MinHeapSize                              = 8388608                                   {product} {ergonomic}
    uintx NonNMethodCodeHeapSize                   = 5839372                                {pd product} {ergonomic}
    uintx NonProfiledCodeHeapSize                  = 122909434                              {pd product} {ergonomic}
    uintx ProfiledCodeHeapSize                     = 122909434                              {pd product} {ergonomic}
    uintx ReservedCodeCacheSize                    = 251658240                              {pd product} {ergonomic}
     bool SegmentedCodeCache                       = true                                      {product} {ergonomic}
   size_t SoftMaxHeapSize                          = 4135583744                             {manageable} {ergonomic}
     bool UseCompressedClassPointers               = true                           {product lp64_product} {ergonomic}
     bool UseCompressedOops                        = true                           {product lp64_product} {ergonomic}
     bool UseG1GC                                  = true                                      {product} {ergonomic}
     bool UseLargePagesIndividualAllocation        = false                                  {pd product} {ergonomic}

Logging:
Log output configuration:
 #0: stdout all=warning uptime,level,tags
 #1: stderr all=off uptime,level,tags

Environment Variables:
JAVA_HOME=C:\Program Files\Android\Android Studio\jbr
CLASSPATH=C:\Users\busez\netflix_clone\android\\gradle\wrapper\gradle-wrapper.jar
PATH=C:\Program Files\Android\Android Studio\jbr\bin;C:\Users\busez\AppData\Local\Programs\Python\Python312\Scripts\;C:\Users\busez\AppData\Local\Programs\Python\Python312\;C:\Program Files\NVIDIA GPU Computing Toolkit\CUDA\v12.4\bin;C:\Program Files\NVIDIA GPU Computing Toolkit\CUDA\v12.4\libnvvp;C:\Program Files\Common Files\Oracle\Java\javapath;C:\WINDOWS\system32;C:\WINDOWS;C:\WINDOWS\System32\Wbem;C:\WINDOWS\System32\WindowsPowerShell\v1.0\;C:\WINDOWS\System32\OpenSSH\;C:\WINDOWS\system32;C:\WINDOWS;C:\WINDOWS\System32\Wbem;C:\WINDOWS\System32\WindowsPowerShell\v1.0\;C:\WINDOWS\System32\OpenSSH\;C:\Program Files\dotnet\;C:\Program Files\NVIDIA Corporation\Nsight Compute 2024.1.1\;C:\Program Files (x86)\NVIDIA Corporation\PhysX\Common;C:\Program Files (x86)\Microsoft SQL Server\160\Tools\Binn\;C:\Program Files\Microsoft SQL Server\160\Tools\Binn\;C:\Program Files\Microsoft SQL Server\Client SDK\ODBC\170\Tools\Binn\;C:\Program Files\Microsoft SQL Server\160\DTS\Binn\;C:\Program Files\Microsoft SQL Server\150\Tools\Binn\;C:\Program Files\Microsoft SQL Server\110\Tools\Binn\;C:\Program Files (x86)\Microsoft SQL Server\110\Tools\Binn\;C:\Program Files\Microsoft SQL Server\110\DTS\Binn\;C:\Program Files (x86)\Microsoft SQL Server\110\Tools\Binn\ManagementStudio\;C:\Program Files (x86)\Microsoft SQL Server\110\DTS\Binn\;C:\Program Files\Git\cmd;C:\Program Files\nodejs\;C:\ProgramData\chocolatey\bin;C:\Users\busez\AppData\Local\Pub\Cache\bin;C:\Program Files\NVIDIA GPU Computing Toolkit\CUDA\v12.4\bin;C:\Program Files\NVIDIA GPU Computing Toolkit\CUDA\v12.4\libnvvp;C:\Program Files\Common Files\Oracle\Java\javapath;C:\WINDOWS\system32;C:\WINDOWS;C:\WINDOWS\System32\Wbem;C:\WINDOWS\System32\WindowsPowerShell\v1.0\;C:\WINDOWS\System32\OpenSSH\;C:\WINDOWS\system32;C:\WINDOWS;C:\WINDOWS\System32\Wbem;C:\WINDOWS\System32\WindowsPowerShell\v1.0\;C:\WINDOWS\System32\OpenSSH\;C:\Program Files\Git\cmd;C:\Program Files\dotnet\;C:\Program Files\NVIDIA Corporation\Nsight Compute 2024
USERNAME=busez
OS=Windows_NT
PROCESSOR_IDENTIFIER=AMD64 Family 23 Model 96 Stepping 1, AuthenticAMD
TMP=C:\Users\busez\AppData\Local\Temp
TEMP=C:\Users\busez\AppData\Local\Temp



Periodic native trim disabled

JNI global refs:
JNI global refs: 20, weak refs: 0

JNI global refs memory usage: 843, weak refs: 841

OOME stack traces (most recent first):
Classloader memory used:
Loader bootstrap                                                                       : 1505K
Loader org.gradle.internal.classloader.VisitableURLClassLoader                         : 470K
Loader java.net.URLClassLoader                                                         : 26124B
Loader jdk.internal.loader.ClassLoaders$AppClassLoader                                 : 18431B
Loader jdk.internal.loader.ClassLoaders$PlatformClassLoader                            : 14151B
Loader jdk.internal.reflect.DelegatingClassLoader                                      : 439B

Classes loaded by more than one classloader:
Class org.gradle.internal.installation.GradleInstallation                             : loaded 2 times (x 73B)
Class org.gradle.cli.ParsedCommandLine                                                : loaded 2 times (x 78B)
Class org.gradle.internal.classpath.ClassPath                                         : loaded 2 times (x 68B)
Class org.gradle.api.Action                                                           : loaded 2 times (x 68B)
Class org.gradle.cli.CommandLineParser$OptionString                                   : loaded 2 times (x 71B)
Class org.gradle.internal.installation.GradleInstallation$1                           : loaded 2 times (x 73B)
Class org.gradle.cli.CommandLineParser$AfterOptions                                   : loaded 2 times (x 75B)
Class org.gradle.cli.CommandLineParser$AfterFirstSubCommand                           : loaded 2 times (x 75B)
Class org.gradle.internal.service.UnknownServiceException                             : loaded 2 times (x 81B)
Class org.gradle.api.GradleException                                                  : loaded 2 times (x 80B)
Class org.gradle.api.internal.classpath.ModuleRegistry                                : loaded 2 times (x 68B)
Class org.gradle.cli.CommandLineParser$KnownOptionParserState                         : loaded 2 times (x 74B)
Class org.gradle.cli.AbstractPropertiesCommandLineConverter                           : loaded 2 times (x 81B)
Class org.gradle.api.specs.Spec                                                       : loaded 2 times (x 68B)
Class org.gradle.cli.SystemPropertiesCommandLineConverter                             : loaded 2 times (x 81B)
Class org.gradle.internal.IoActions                                                   : loaded 2 times (x 69B)
Class org.gradle.internal.installation.CurrentGradleInstallation                      : loaded 2 times (x 71B)
Class org.gradle.internal.installation.CurrentGradleInstallationLocator               : loaded 2 times (x 69B)
Class org.gradle.internal.classpath.DefaultClassPath                                  : loaded 2 times (x 88B)
Class org.gradle.api.Transformer                                                      : loaded 2 times (x 68B)
Class org.gradle.cli.CommandLineParser                                                : loaded 2 times (x 77B)
Class org.gradle.cli.CommandLineParser$BeforeFirstSubCommand                          : loaded 2 times (x 75B)
Class org.gradle.cli.CommandLineOption                                                : loaded 2 times (x 84B)
Class org.gradle.cli.CommandLineParser$ParserState                                    : loaded 2 times (x 74B)
Class org.gradle.cli.CommandLineParser$MissingOptionArgState                          : loaded 2 times (x 75B)
Class org.gradle.api.UncheckedIOException                                             : loaded 2 times (x 80B)
Class org.gradle.cli.ParsedCommandLineOption                                          : loaded 2 times (x 74B)
Class org.gradle.internal.classloader.ClasspathUtil                                   : loaded 2 times (x 69B)
Class org.gradle.cli.CommandLineParser$UnknownOptionParserState                       : loaded 2 times (x 74B)
Class org.gradle.internal.service.ServiceLookupException                              : loaded 2 times (x 80B)
Class org.gradle.util.internal.GUtil                                                  : loaded 2 times (x 69B)
Class org.gradle.cli.CommandLineParser$OptionAwareParserState                         : loaded 2 times (x 75B)
Class org.gradle.cli.CommandLineParser$OptionParserState                              : loaded 2 times (x 73B)
Class org.gradle.internal.Cast                                                        : loaded 2 times (x 69B)
Class org.gradle.cli.CommandLineConverter                                             : loaded 2 times (x 68B)
Class org.gradle.internal.classpath.DefaultClassPath$ImmutableUniqueList              : loaded 2 times (x 159B)
Class org.gradle.cli.AbstractCommandLineConverter                                     : loaded 2 times (x 77B)
Class org.gradle.cli.CommandLineArgumentException                                     : loaded 2 times (x 80B)


---------------  S Y S T E M  ---------------

OS:
 Windows 11 , 64 bit Build 22621 (10.0.22621.3672)
OS uptime: 0 days 0:53 hours

CPU: total 12 (initial active 12) (12 cores per cpu, 2 threads per core) family 23 model 96 stepping 1 microcode 0x0, cx8, cmov, fxsr, ht, mmx, 3dnowpref, sse, sse2, sse3, ssse3, sse4a, sse4.1, sse4.2, popcnt, lzcnt, tsc, tscinvbit, avx, avx2, aes, clmul, bmi1, bmi2, adx, sha, fma, vzeroupper, clflush, clflushopt
Processor Information for all 12 processors :
  Max Mhz: 3000, Current Mhz: 3000, Mhz Limit: 3000

Memory: 4k page, system-wide physical 15771M (3707M free)
TotalPageFile size 18638M (AvailPageFile size 0M)
current process WorkingSet (physical memory assigned to process): 91M, peak: 96M
current process commit charge ("private bytes"): 356M, peak: 362M

vm_info: OpenJDK 64-Bit Server VM (17.0.10+0--11609105) for windows-amd64 JRE (17.0.10+0--11609105), built on Mar 21 2024 19:10:56 by "androidbuild" with MS VC++ 16.10 / 16.11 (VS2019)

END.
